#
# There is insufficient memory for the Java Runtime Environment to continue.
# Native memory allocation (mmap) failed to map 65011712 bytes for Failed to commit area from 0x0000000090200000 to 0x0000000094000000 of length 65011712.
# Possible reasons:
#   The system is out of physical RAM or swap space
#   The process is running with CompressedOops enabled, and the Java Heap may be blocking the growth of the native heap
# Possible solutions:
#   Reduce memory load on the system
#   Increase physical memory or swap space
#   Check if swap backing store is full
#   Decrease Java heap size (-Xmx/-Xms)
#   Decrease number of Java threads
#   Decrease Java thread stack sizes (-Xss)
#   Set larger code cache with -XX:ReservedCodeCacheSize=
#   JVM is running with Unscaled Compressed Oops mode in which the Java heap is
#     placed in the first 4GB address space. The Java Heap base address is the
#     maximum limit for the native heap growth. Please use -XX:HeapBaseMinAddress
#     to set the Java Heap base and to place the Java Heap above 4GB virtual address.
# This output file may be truncated or incomplete.
#
#  Out of Memory Error (os_windows.cpp:3386), pid=18692, tid=22864
#
# JRE version: OpenJDK Runtime Environment Microsoft-8035250 (11.0.20+8) (build 11.0.20+8-LTS)
# Java VM: OpenJDK 64-Bit Server VM Microsoft-8035250 (11.0.20+8-LTS, mixed mode, tiered, compressed oops, g1 gc, windows-amd64)
# No core dump will be written. Minidumps are not enabled by default on client versions of Windows
#

---------------  S U M M A R Y ------------

Command Line: -XX:MaxMetaspaceSize=512m --add-opens=java.base/java.util=ALL-UNNAMED --add-opens=java.base/java.lang=ALL-UNNAMED --add-opens=java.base/java.lang.invoke=ALL-UNNAMED --add-opens=java.prefs/java.util.prefs=ALL-UNNAMED --add-opens=java.base/java.nio.charset=ALL-UNNAMED --add-opens=java.base/java.net=ALL-UNNAMED --add-opens=java.base/java.util.concurrent.atomic=ALL-UNNAMED -Xmx2048m -Dfile.encoding=windows-1252 -Duser.country=AR -Duser.language=es -Duser.variant org.gradle.launcher.daemon.bootstrap.GradleDaemon 8.0.1

Host: Intel(R) Core(TM) i5-1035G1 CPU @ 1.00GHz, 8 cores, 7G,  Windows 10 , 64 bit Build 19041 (10.0.19041.3570)
Time: Mon Nov  6 00:05:47 2023 Hora estándar de Argentina elapsed time: 803.023653 seconds (0d 0h 13m 23s)

---------------  T H R E A D  ---------------

Current thread (0x0000025b5e85a000):  VMThread "VM Thread" [stack: 0x000000b7cb500000,0x000000b7cb600000] [id=22864]

Stack: [0x000000b7cb500000,0x000000b7cb600000]
[error occurred during error reporting (printing stack bounds), id 0xc0000005, EXCEPTION_ACCESS_VIOLATION (0xc0000005) at pc=0x0000025b477312e7]

Native frames: (J=compiled Java code, j=interpreted, Vv=VM code, C=native code)
V  [jvm.dll+0x62e9da]
V  [jvm.dll+0x7bc4e9]
V  [jvm.dll+0x7bdbd8]
V  [jvm.dll+0x7be215]
V  [jvm.dll+0x7be1cb]
V  [jvm.dll+0x62dd67]
V  [jvm.dll+0x62e478]
C  [ntdll.dll+0xa23af]
C  [ntdll.dll+0x514b4]
C  [ntdll.dll+0xa0ebe]
C  0x0000025b477312e7

VM_Operation (0x000000b7cc6f7f10): G1CollectForAllocation, mode: safepoint, requested by thread 0x0000025b6020a800


---------------  P R O C E S S  ---------------

Threads class SMR info:
_java_thread_list=0x0000025b6585a550, length=132, elements={
0x0000025b3d7d1800, 0x0000025b5e85f000, 0x0000025b5e860000, 0x0000025b5e87e800,
0x0000025b5e881800, 0x0000025b5e884000, 0x0000025b5e885000, 0x0000025b5e886000,
0x0000025b5e889800, 0x0000025b5f2a6800, 0x0000025b6028a800, 0x0000025b601aa000,
0x0000025b60d71800, 0x0000025b60d65800, 0x0000025b6223a800, 0x0000025b60a9a800,
0x0000025b6020a800, 0x0000025b5feb4000, 0x0000025b5fa12800, 0x0000025b620f9000,
0x0000025b620fe800, 0x0000025b620fb800, 0x0000025b620ff800, 0x0000025b620fd000,
0x0000025b620fe000, 0x0000025b620fa000, 0x0000025b620fa800, 0x0000025b62894800,
0x0000025b62893800, 0x0000025b62896000, 0x0000025b62897000, 0x0000025b62897800,
0x0000025b6289a000, 0x0000025b6289b000, 0x0000025b62899800, 0x0000025b62895000,
0x0000025b6289f000, 0x0000025b628a0800, 0x0000025b628a1800, 0x0000025b6289c000,
0x0000025b628a2800, 0x0000025b6289d800, 0x0000025b6289e000, 0x0000025b628a0000,
0x0000025b6289c800, 0x0000025b60c26000, 0x0000025b60c20000, 0x0000025b60c22800,
0x0000025b60c24800, 0x0000025b60c23800, 0x0000025b60c25000, 0x0000025b60c21000,
0x0000025b60c26800, 0x0000025b60c27800, 0x0000025b60c22000, 0x0000025b60c2e000,
0x0000025b60c29000, 0x0000025b60c28800, 0x0000025b60c2a000, 0x0000025b60c2f000,
0x0000025b60c2b000, 0x0000025b60c2b800, 0x0000025b60c2c800, 0x0000025b60c2d000,
0x0000025b62581000, 0x0000025b6257d000, 0x0000025b6257e800, 0x0000025b62582000,
0x0000025b62583800, 0x0000025b6257f800, 0x0000025b62580800, 0x0000025b61e9e000,
0x0000025b61e9b800, 0x0000025b61e9d800, 0x0000025b61e9b000, 0x0000025b61e9c800,
0x0000025b61e9f000, 0x0000025b61e99000, 0x0000025b61ea2000, 0x0000025b61ea3000,
0x0000025b61ea4000, 0x0000025b61ea1800, 0x0000025b61ea4800, 0x0000025b61ea5800,
0x0000025b61ea0000, 0x0000025b61ea6800, 0x0000025b61ea0800, 0x0000025b61ea7000,
0x0000025b61ea8000, 0x0000025b62734800, 0x0000025b62735000, 0x0000025b62736000,
0x0000025b62737000, 0x0000025b62731000, 0x0000025b62737800, 0x0000025b62732000,
0x0000025b62738800, 0x0000025b62732800, 0x0000025b62739000, 0x0000025b62733800,
0x0000025b6273f000, 0x0000025b6273d800, 0x0000025b6273b000, 0x0000025b6273b800,
0x0000025b6273c800, 0x0000025b6273e000, 0x0000025b6273f800, 0x0000025b6273a000,
0x0000025b62ec9000, 0x0000025b62ece000, 0x0000025b62ecf000, 0x0000025b62ecb800,
0x0000025b62ecc800, 0x0000025b62ecf800, 0x0000025b62ecd000, 0x0000025b62eca000,
0x0000025b62ecb000, 0x0000025b65e13000, 0x0000025b65e16800, 0x0000025b65e18000,
0x0000025b65e15000, 0x0000025b65e17000, 0x0000025b65e12800, 0x0000025b65e19000,
0x0000025b65e19800, 0x0000025b65e14000, 0x0000025b65e1a800, 0x0000025b65e1b800,
0x0000025b65e15800, 0x0000025b65e1d000, 0x0000025b65e1e000, 0x0000025b65e1c000
}

Java Threads: ( => current thread )
  0x0000025b3d7d1800 JavaThread "main" [_thread_blocked, id=22700, stack(0x000000b7caf00000,0x000000b7cb000000)]
  0x0000025b5e85f000 JavaThread "Reference Handler" daemon [_thread_blocked, id=22916, stack(0x000000b7cb600000,0x000000b7cb700000)]
  0x0000025b5e860000 JavaThread "Finalizer" daemon [_thread_blocked, id=22920, stack(0x000000b7cb700000,0x000000b7cb800000)]
  0x0000025b5e87e800 JavaThread "Signal Dispatcher" daemon [_thread_blocked, id=22996, stack(0x000000b7cb800000,0x000000b7cb900000)]
  0x0000025b5e881800 JavaThread "Attach Listener" daemon [_thread_blocked, id=23000, stack(0x000000b7cb900000,0x000000b7cba00000)]
  0x0000025b5e884000 JavaThread "Service Thread" daemon [_thread_blocked, id=23004, stack(0x000000b7cba00000,0x000000b7cbb00000)]
  0x0000025b5e885000 JavaThread "C2 CompilerThread0" daemon [_thread_blocked, id=23008, stack(0x000000b7cbb00000,0x000000b7cbc00000)]
  0x0000025b5e886000 JavaThread "C1 CompilerThread0" daemon [_thread_blocked, id=23012, stack(0x000000b7cbc00000,0x000000b7cbd00000)]
  0x0000025b5e889800 JavaThread "Sweeper thread" daemon [_thread_blocked, id=23016, stack(0x000000b7cbd00000,0x000000b7cbe00000)]
  0x0000025b5f2a6800 JavaThread "Common-Cleaner" daemon [_thread_blocked, id=23028, stack(0x000000b7cbe00000,0x000000b7cbf00000)]
  0x0000025b6028a800 JavaThread "Daemon health stats" [_thread_blocked, id=23636, stack(0x000000b7cad00000,0x000000b7cae00000)]
  0x0000025b601aa000 JavaThread "Incoming local TCP Connector on port 64513" [_thread_in_native, id=22576, stack(0x000000b7cc100000,0x000000b7cc200000)]
  0x0000025b60d71800 JavaThread "Daemon periodic checks" [_thread_blocked, id=23976, stack(0x000000b7cc200000,0x000000b7cc300000)]
  0x0000025b60d65800 JavaThread "Daemon" [_thread_blocked, id=24016, stack(0x000000b7cc300000,0x000000b7cc400000)]
  0x0000025b6223a800 JavaThread "Handler for socket connection from /127.0.0.1:64513 to /127.0.0.1:64530" [_thread_in_native, id=24348, stack(0x000000b7cc400000,0x000000b7cc500000)]
  0x0000025b60a9a800 JavaThread "Cancel handler" [_thread_blocked, id=4392, stack(0x000000b7cc500000,0x000000b7cc600000)]
  0x0000025b6020a800 JavaThread "Daemon worker" [_thread_blocked, id=11848, stack(0x000000b7cc600000,0x000000b7cc700000)]
  0x0000025b5feb4000 JavaThread "Asynchronous log dispatcher for DefaultDaemonConnection: socket connection from /127.0.0.1:64513 to /127.0.0.1:64530" [_thread_blocked, id=22296, stack(0x000000b7cc700000,0x000000b7cc800000)]
  0x0000025b5fa12800 JavaThread "Daemon client event forwarder" [_thread_blocked, id=22308, stack(0x000000b7cc900000,0x000000b7cca00000)]
  0x0000025b620f9000 JavaThread "Cache worker for journal cache (C:\Users\Rosana\.gradle\caches\journal-1)" [_thread_blocked, id=22344, stack(0x000000b7cd100000,0x000000b7cd200000)]
  0x0000025b620fe800 JavaThread "File lock request listener" [_thread_in_native, id=22508, stack(0x000000b7cd200000,0x000000b7cd300000)]
  0x0000025b620fb800 JavaThread "Cache worker for file hash cache (C:\Users\Rosana\.gradle\caches\8.0.1\fileHashes)" [_thread_blocked, id=20360, stack(0x000000b7cd300000,0x000000b7cd400000)]
  0x0000025b620ff800 JavaThread "File watcher server" daemon [_thread_in_native, id=20996, stack(0x000000b7cd600000,0x000000b7cd700000)]
  0x0000025b620fd000 JavaThread "File watcher consumer" daemon [_thread_blocked, id=10620, stack(0x000000b7cd700000,0x000000b7cd800000)]
  0x0000025b620fe000 JavaThread "Cache worker for checksums cache (C:\Users\Rosana\PilarTecnoApp\android\.gradle\8.0.1\checksums)" [_thread_blocked, id=9460, stack(0x000000b7cd500000,0x000000b7cd600000)]
  0x0000025b620fa000 JavaThread "Cache worker for cache directory md-rule (C:\Users\Rosana\.gradle\caches\8.0.1\md-rule)" [_thread_blocked, id=16768, stack(0x000000b7cd800000,0x000000b7cd900000)]
  0x0000025b620fa800 JavaThread "Cache worker for file content cache (C:\Users\Rosana\.gradle\caches\8.0.1\fileContent)" [_thread_blocked, id=19944, stack(0x000000b7cd900000,0x000000b7cda00000)]
  0x0000025b62894800 JavaThread "Cache worker for file hash cache (C:\Users\Rosana\PilarTecnoApp\android\.gradle\8.0.1\fileHashes)" [_thread_blocked, id=452, stack(0x000000b7cda00000,0x000000b7cdb00000)]
  0x0000025b62893800 JavaThread "Cache worker for cache directory md-supplier (C:\Users\Rosana\.gradle\caches\8.0.1\md-supplier)" [_thread_blocked, id=23260, stack(0x000000b7cdb00000,0x000000b7cdc00000)]
  0x0000025b62896000 JavaThread "Cache worker for execution history cache (C:\Users\Rosana\.gradle\caches\8.0.1\executionHistory)" [_thread_blocked, id=19920, stack(0x000000b7cdc00000,0x000000b7cdd00000)]
  0x0000025b62897000 JavaThread "jar transforms" [_thread_blocked, id=17144, stack(0x000000b7cdd00000,0x000000b7cde00000)]
  0x0000025b62897800 JavaThread "jar transforms Thread 2" [_thread_blocked, id=20132, stack(0x000000b7cde00000,0x000000b7cdf00000)]
  0x0000025b6289a000 JavaThread "jar transforms Thread 3" [_thread_blocked, id=10752, stack(0x000000b7cdf00000,0x000000b7ce000000)]
  0x0000025b6289b000 JavaThread "jar transforms Thread 4" [_thread_blocked, id=23896, stack(0x000000b7ce000000,0x000000b7ce100000)]
  0x0000025b62899800 JavaThread "Cache worker for kotlin-dsl (C:\Users\Rosana\.gradle\caches\8.0.1\kotlin-dsl)" [_thread_blocked, id=18084, stack(0x000000b7cac00000,0x000000b7cad00000)]
  0x0000025b62895000 JavaThread "jar transforms Thread 5" [_thread_blocked, id=25212, stack(0x000000b7cae00000,0x000000b7caf00000)]
  0x0000025b6289f000 JavaThread "jar transforms Thread 6" [_thread_blocked, id=26000, stack(0x000000b7cc800000,0x000000b7cc900000)]
  0x0000025b628a0800 JavaThread "Cache worker for dependencies-accessors (C:\Users\Rosana\PilarTecnoApp\android\.gradle\8.0.1\dependencies-accessors)" [_thread_blocked, id=26036, stack(0x000000b7ce300000,0x000000b7ce400000)]
  0x0000025b628a1800 JavaThread "Cache worker for Build Output Cleanup Cache (C:\Users\Rosana\PilarTecnoApp\node_modules\@react-native\gradle-plugin\.gradle\buildOutputCleanup)" [_thread_blocked, id=26168, stack(0x000000b7ce400000,0x000000b7ce500000)]
  0x0000025b6289c000 JavaThread "jar transforms Thread 7" [_thread_blocked, id=26220, stack(0x000000b7ce500000,0x000000b7ce600000)]
  0x0000025b628a2800 JavaThread "Unconstrained build operations" [_thread_blocked, id=26228, stack(0x000000b7ce600000,0x000000b7ce700000)]
  0x0000025b6289d800 JavaThread "Unconstrained build operations Thread 2" [_thread_blocked, id=26232, stack(0x000000b7ce700000,0x000000b7ce800000)]
  0x0000025b6289e000 JavaThread "Unconstrained build operations Thread 3" [_thread_blocked, id=26236, stack(0x000000b7ce800000,0x000000b7ce900000)]
  0x0000025b628a0000 JavaThread "Unconstrained build operations Thread 4" [_thread_blocked, id=26240, stack(0x000000b7ce900000,0x000000b7cea00000)]
  0x0000025b6289c800 JavaThread "Unconstrained build operations Thread 5" [_thread_blocked, id=26244, stack(0x000000b7cea00000,0x000000b7ceb00000)]
  0x0000025b60c26000 JavaThread "Unconstrained build operations Thread 6" [_thread_blocked, id=26248, stack(0x000000b7ceb00000,0x000000b7cec00000)]
  0x0000025b60c20000 JavaThread "Unconstrained build operations Thread 7" [_thread_blocked, id=26252, stack(0x000000b7cec00000,0x000000b7ced00000)]
  0x0000025b60c22800 JavaThread "Unconstrained build operations Thread 8" [_thread_blocked, id=26256, stack(0x000000b7ced00000,0x000000b7cee00000)]
  0x0000025b60c24800 JavaThread "Unconstrained build operations Thread 9" [_thread_blocked, id=26260, stack(0x000000b7cee00000,0x000000b7cef00000)]
  0x0000025b60c23800 JavaThread "Unconstrained build operations Thread 10" [_thread_blocked, id=26264, stack(0x000000b7cef00000,0x000000b7cf000000)]
  0x0000025b60c25000 JavaThread "Unconstrained build operations Thread 11" [_thread_blocked, id=26268, stack(0x000000b7cf000000,0x000000b7cf100000)]
  0x0000025b60c21000 JavaThread "Unconstrained build operations Thread 12" [_thread_blocked, id=26272, stack(0x000000b7cf100000,0x000000b7cf200000)]
  0x0000025b60c26800 JavaThread "Unconstrained build operations Thread 13" [_thread_blocked, id=26276, stack(0x000000b7cf200000,0x000000b7cf300000)]
  0x0000025b60c27800 JavaThread "Unconstrained build operations Thread 14" [_thread_blocked, id=26280, stack(0x000000b7cf300000,0x000000b7cf400000)]
  0x0000025b60c22000 JavaThread "Unconstrained build operations Thread 15" [_thread_blocked, id=26284, stack(0x000000b7cf400000,0x000000b7cf500000)]
  0x0000025b60c2e000 JavaThread "Unconstrained build operations Thread 16" [_thread_blocked, id=26288, stack(0x000000b7cf500000,0x000000b7cf600000)]
  0x0000025b60c29000 JavaThread "Unconstrained build operations Thread 17" [_thread_blocked, id=26292, stack(0x000000b7cf600000,0x000000b7cf700000)]
  0x0000025b60c28800 JavaThread "Unconstrained build operations Thread 18" [_thread_blocked, id=26296, stack(0x000000b7cf700000,0x000000b7cf800000)]
  0x0000025b60c2a000 JavaThread "Unconstrained build operations Thread 19" [_thread_blocked, id=26300, stack(0x000000b7cf800000,0x000000b7cf900000)]
  0x0000025b60c2f000 JavaThread "Unconstrained build operations Thread 20" [_thread_blocked, id=26304, stack(0x000000b7cf900000,0x000000b7cfa00000)]
  0x0000025b60c2b000 JavaThread "Unconstrained build operations Thread 21" [_thread_blocked, id=26308, stack(0x000000b7cfa00000,0x000000b7cfb00000)]
  0x0000025b60c2b800 JavaThread "Unconstrained build operations Thread 22" [_thread_blocked, id=26312, stack(0x000000b7cfb00000,0x000000b7cfc00000)]
  0x0000025b60c2c800 JavaThread "Unconstrained build operations Thread 23" [_thread_blocked, id=26316, stack(0x000000b7cfc00000,0x000000b7cfd00000)]
  0x0000025b60c2d000 JavaThread "Unconstrained build operations Thread 24" [_thread_blocked, id=26320, stack(0x000000b7cfd00000,0x000000b7cfe00000)]
  0x0000025b62581000 JavaThread "Unconstrained build operations Thread 25" [_thread_blocked, id=26324, stack(0x000000b7cfe00000,0x000000b7cff00000)]
  0x0000025b6257d000 JavaThread "Unconstrained build operations Thread 26" [_thread_blocked, id=26328, stack(0x000000b7cff00000,0x000000b7d0000000)]
  0x0000025b6257e800 JavaThread "jar transforms Thread 8" [_thread_blocked, id=23888, stack(0x000000b7d0000000,0x000000b7d0100000)]
  0x0000025b62582000 JavaThread "Memory manager" [_thread_blocked, id=21796, stack(0x000000b7d0100000,0x000000b7d0200000)]
  0x0000025b62583800 JavaThread "Cache worker for Build Output Cleanup Cache (C:\Users\Rosana\PilarTecnoApp\android\.gradle\buildOutputCleanup)" [_thread_blocked, id=26816, stack(0x000000b7d0200000,0x000000b7d0300000)]
  0x0000025b6257f800 JavaThread "Execution worker" [_thread_blocked, id=27096, stack(0x000000b7d0400000,0x000000b7d0500000)]
  0x0000025b62580800 JavaThread "Execution worker Thread 2" [_thread_blocked, id=27100, stack(0x000000b7d0500000,0x000000b7d0600000)]
  0x0000025b61e9e000 JavaThread "Execution worker Thread 3" [_thread_blocked, id=27104, stack(0x000000b7d0600000,0x000000b7d0700000)]
  0x0000025b61e9b800 JavaThread "Execution worker Thread 4" [_thread_blocked, id=27108, stack(0x000000b7d0700000,0x000000b7d0800000)]
  0x0000025b61e9d800 JavaThread "Execution worker Thread 5" [_thread_blocked, id=27112, stack(0x000000b7d0800000,0x000000b7d0900000)]
  0x0000025b61e9b000 JavaThread "Execution worker Thread 6" [_thread_blocked, id=27116, stack(0x000000b7d0900000,0x000000b7d0a00000)]
  0x0000025b61e9c800 JavaThread "Execution worker Thread 7" [_thread_blocked, id=27120, stack(0x000000b7d0a00000,0x000000b7d0b00000)]
  0x0000025b61e9f000 JavaThread "Cache worker for execution history cache (C:\Users\Rosana\PilarTecnoApp\node_modules\@react-native\gradle-plugin\.gradle\8.0.1\executionHistory)" [_thread_blocked, id=27128, stack(0x000000b7d0b00000,0x000000b7d0c00000)]
  0x0000025b61e99000 JavaThread "Unconstrained build operations Thread 27" [_thread_blocked, id=27188, stack(0x000000b7d0c00000,0x000000b7d0d00000)]
  0x0000025b61ea2000 JavaThread "Unconstrained build operations Thread 28" [_thread_blocked, id=27192, stack(0x000000b7d0d00000,0x000000b7d0e00000)]
  0x0000025b61ea3000 JavaThread "Unconstrained build operations Thread 29" [_thread_blocked, id=27196, stack(0x000000b7d0e00000,0x000000b7d0f00000)]
  0x0000025b61ea4000 JavaThread "Unconstrained build operations Thread 30" [_thread_blocked, id=27200, stack(0x000000b7d0f00000,0x000000b7d1000000)]
  0x0000025b61ea1800 JavaThread "Unconstrained build operations Thread 31" [_thread_blocked, id=27284, stack(0x000000b7d1000000,0x000000b7d1100000)]
  0x0000025b61ea4800 JavaThread "Unconstrained build operations Thread 32" [_thread_blocked, id=27288, stack(0x000000b7d1100000,0x000000b7d1200000)]
  0x0000025b61ea5800 JavaThread "Unconstrained build operations Thread 33" [_thread_blocked, id=27292, stack(0x000000b7d1200000,0x000000b7d1300000)]
  0x0000025b61ea0000 JavaThread "Unconstrained build operations Thread 34" [_thread_blocked, id=27296, stack(0x000000b7d1300000,0x000000b7d1400000)]
  0x0000025b61ea6800 JavaThread "Unconstrained build operations Thread 35" [_thread_blocked, id=27300, stack(0x000000b7d1400000,0x000000b7d1500000)]
  0x0000025b61ea0800 JavaThread "Unconstrained build operations Thread 36" [_thread_blocked, id=27304, stack(0x000000b7d1500000,0x000000b7d1600000)]
  0x0000025b61ea7000 JavaThread "Unconstrained build operations Thread 37" [_thread_blocked, id=27308, stack(0x000000b7d1600000,0x000000b7d1700000)]
  0x0000025b61ea8000 JavaThread "Unconstrained build operations Thread 38" [_thread_blocked, id=27312, stack(0x000000b7d1700000,0x000000b7d1800000)]
  0x0000025b62734800 JavaThread "Unconstrained build operations Thread 39" [_thread_blocked, id=27316, stack(0x000000b7d1800000,0x000000b7d1900000)]
  0x0000025b62735000 JavaThread "Unconstrained build operations Thread 40" [_thread_blocked, id=27320, stack(0x000000b7d1900000,0x000000b7d1a00000)]
  0x0000025b62736000 JavaThread "Unconstrained build operations Thread 41" [_thread_blocked, id=27324, stack(0x000000b7d1a00000,0x000000b7d1b00000)]
  0x0000025b62737000 JavaThread "Unconstrained build operations Thread 42" [_thread_blocked, id=27328, stack(0x000000b7d1b00000,0x000000b7d1c00000)]
  0x0000025b62731000 JavaThread "Unconstrained build operations Thread 43" [_thread_blocked, id=27332, stack(0x000000b7d1c00000,0x000000b7d1d00000)]
  0x0000025b62737800 JavaThread "Unconstrained build operations Thread 44" [_thread_blocked, id=27336, stack(0x000000b7d1d00000,0x000000b7d1e00000)]
  0x0000025b62732000 JavaThread "Unconstrained build operations Thread 45" [_thread_blocked, id=27340, stack(0x000000b7d1e00000,0x000000b7d1f00000)]
  0x0000025b62738800 JavaThread "Unconstrained build operations Thread 46" [_thread_blocked, id=27344, stack(0x000000b7d1f00000,0x000000b7d2000000)]
  0x0000025b62732800 JavaThread "Unconstrained build operations Thread 47" [_thread_blocked, id=27348, stack(0x000000b7d2000000,0x000000b7d2100000)]
  0x0000025b62739000 JavaThread "Unconstrained build operations Thread 48" [_thread_blocked, id=27352, stack(0x000000b7d2100000,0x000000b7d2200000)]
  0x0000025b62733800 JavaThread "Unconstrained build operations Thread 49" [_thread_blocked, id=27356, stack(0x000000b7d2200000,0x000000b7d2300000)]
  0x0000025b6273f000 JavaThread "Unconstrained build operations Thread 50" [_thread_blocked, id=27360, stack(0x000000b7d2300000,0x000000b7d2400000)]
  0x0000025b6273d800 JavaThread "Unconstrained build operations Thread 51" [_thread_blocked, id=27364, stack(0x000000b7d2400000,0x000000b7d2500000)]
  0x0000025b6273b000 JavaThread "Unconstrained build operations Thread 52" [_thread_blocked, id=27504, stack(0x000000b7d2500000,0x000000b7d2600000)]
  0x0000025b6273b800 JavaThread "Unconstrained build operations Thread 53" [_thread_blocked, id=27552, stack(0x000000b7d2600000,0x000000b7d2700000)]
  0x0000025b6273c800 JavaThread "Unconstrained build operations Thread 54" [_thread_blocked, id=27556, stack(0x000000b7d2700000,0x000000b7d2800000)]
  0x0000025b6273e000 JavaThread "Unconstrained build operations Thread 55" [_thread_blocked, id=27560, stack(0x000000b7d2800000,0x000000b7d2900000)]
  0x0000025b6273f800 JavaThread "Unconstrained build operations Thread 56" [_thread_blocked, id=27564, stack(0x000000b7d2900000,0x000000b7d2a00000)]
  0x0000025b6273a000 JavaThread "Unconstrained build operations Thread 57" [_thread_blocked, id=27568, stack(0x000000b7d2a00000,0x000000b7d2b00000)]
  0x0000025b62ec9000 JavaThread "Unconstrained build operations Thread 58" [_thread_blocked, id=27572, stack(0x000000b7d2b00000,0x000000b7d2c00000)]
  0x0000025b62ece000 JavaThread "Unconstrained build operations Thread 59" [_thread_blocked, id=27576, stack(0x000000b7d2c00000,0x000000b7d2d00000)]
  0x0000025b62ecf000 JavaThread "Unconstrained build operations Thread 60" [_thread_blocked, id=27580, stack(0x000000b7d2d00000,0x000000b7d2e00000)]
  0x0000025b62ecb800 JavaThread "Unconstrained build operations Thread 61" [_thread_blocked, id=27584, stack(0x000000b7d2e00000,0x000000b7d2f00000)]
  0x0000025b62ecc800 JavaThread "Unconstrained build operations Thread 62" [_thread_blocked, id=27588, stack(0x000000b7d2f00000,0x000000b7d3000000)]
  0x0000025b62ecf800 JavaThread "Unconstrained build operations Thread 63" [_thread_blocked, id=27592, stack(0x000000b7d3000000,0x000000b7d3100000)]
  0x0000025b62ecd000 JavaThread "Unconstrained build operations Thread 64" [_thread_blocked, id=27596, stack(0x000000b7d3100000,0x000000b7d3200000)]
  0x0000025b62eca000 JavaThread "Unconstrained build operations Thread 65" [_thread_blocked, id=27600, stack(0x000000b7d3200000,0x000000b7d3300000)]
  0x0000025b62ecb000 JavaThread "Unconstrained build operations Thread 66" [_thread_blocked, id=27604, stack(0x000000b7d3300000,0x000000b7d3400000)]
  0x0000025b65e13000 JavaThread "Unconstrained build operations Thread 67" [_thread_blocked, id=27608, stack(0x000000b7d3400000,0x000000b7d3500000)]
  0x0000025b65e16800 JavaThread "Unconstrained build operations Thread 68" [_thread_blocked, id=27612, stack(0x000000b7d3500000,0x000000b7d3600000)]
  0x0000025b65e18000 JavaThread "Unconstrained build operations Thread 69" [_thread_blocked, id=27616, stack(0x000000b7d3600000,0x000000b7d3700000)]
  0x0000025b65e15000 JavaThread "Unconstrained build operations Thread 70" [_thread_blocked, id=27620, stack(0x000000b7d3700000,0x000000b7d3800000)]
  0x0000025b65e17000 JavaThread "Unconstrained build operations Thread 71" [_thread_blocked, id=27624, stack(0x000000b7d3800000,0x000000b7d3900000)]
  0x0000025b65e12800 JavaThread "Unconstrained build operations Thread 72" [_thread_blocked, id=27628, stack(0x000000b7d3900000,0x000000b7d3a00000)]
  0x0000025b65e19000 JavaThread "Unconstrained build operations Thread 73" [_thread_blocked, id=27632, stack(0x000000b7d3a00000,0x000000b7d3b00000)]
  0x0000025b65e19800 JavaThread "Unconstrained build operations Thread 74" [_thread_blocked, id=27636, stack(0x000000b7d3b00000,0x000000b7d3c00000)]
  0x0000025b65e14000 JavaThread "Unconstrained build operations Thread 75" [_thread_blocked, id=27640, stack(0x000000b7d3c00000,0x000000b7d3d00000)]
  0x0000025b65e1a800 JavaThread "Unconstrained build operations Thread 76" [_thread_blocked, id=27644, stack(0x000000b7d3d00000,0x000000b7d3e00000)]
  0x0000025b65e1b800 JavaThread "Unconstrained build operations Thread 77" [_thread_blocked, id=26636, stack(0x000000b7d3e00000,0x000000b7d3f00000)]
  0x0000025b65e15800 JavaThread "Unconstrained build operations Thread 78" [_thread_blocked, id=24800, stack(0x000000b7d3f00000,0x000000b7d4000000)]
  0x0000025b65e1d000 JavaThread "Unconstrained build operations Thread 79" [_thread_blocked, id=25428, stack(0x000000b7d4000000,0x000000b7d4100000)]
  0x0000025b65e1e000 JavaThread "Unconstrained build operations Thread 80" [_thread_blocked, id=22832, stack(0x000000b7d4100000,0x000000b7d4200000)]
  0x0000025b65e1c000 JavaThread "File lock release action executor Thread 4" [_thread_blocked, id=17612, stack(0x000000b7cd400000,0x000000b7cd500000)]

Other Threads:
=>0x0000025b5e85a000 VMThread "VM Thread" [stack: 0x000000b7cb500000,0x000000b7cb600000] [id=22864]
  0x0000025b5f2bf800 WatcherThread [stack: 0x000000b7cbf00000,0x000000b7cc000000] [id=23064]
  0x0000025b3d7ea800 GCTaskThread "GC Thread#0" [stack: 0x000000b7cb000000,0x000000b7cb100000] [id=22836]
  0x0000025b60028800 GCTaskThread "GC Thread#1" [stack: 0x000000b7cc000000,0x000000b7cc100000] [id=22356]
  0x0000025b60538800 GCTaskThread "GC Thread#2" [stack: 0x000000b7cca00000,0x000000b7ccb00000] [id=22572]
  0x0000025b5f799000 GCTaskThread "GC Thread#3" [stack: 0x000000b7ccb00000,0x000000b7ccc00000] [id=17268]
  0x0000025b602e3000 GCTaskThread "GC Thread#4" [stack: 0x000000b7ccc00000,0x000000b7ccd00000] [id=2508]
  0x0000025b61cc8800 GCTaskThread "GC Thread#5" [stack: 0x000000b7ccd00000,0x000000b7cce00000] [id=10232]
  0x0000025b61cc9000 GCTaskThread "GC Thread#6" [stack: 0x000000b7cce00000,0x000000b7ccf00000] [id=10748]
  0x0000025b5f575800 GCTaskThread "GC Thread#7" [stack: 0x000000b7ccf00000,0x000000b7cd000000] [id=1960]
  0x0000025b3d81d800 ConcurrentGCThread "G1 Main Marker" [stack: 0x000000b7cb100000,0x000000b7cb200000] [id=22840]
  0x0000025b3d81e800 ConcurrentGCThread "G1 Conc#0" [stack: 0x000000b7cb200000,0x000000b7cb300000] [id=22844]
  0x0000025b60319000 ConcurrentGCThread "G1 Conc#1" [stack: 0x000000b7cd000000,0x000000b7cd100000] [id=17528]
  0x0000025b5e6d0800 ConcurrentGCThread "G1 Refine#0" [stack: 0x000000b7cb300000,0x000000b7cb400000] [id=22848]
  0x0000025b5e6d1000 ConcurrentGCThread "G1 Young RemSet Sampling" [stack: 0x000000b7cb400000,0x000000b7cb500000] [id=22852]

Threads with active compile tasks:

VM state:at safepoint (normal execution)

VM Mutex/Monitor currently owned by a thread:  ([mutex/lock_event])
[0x0000025b3d7cbd70] Threads_lock - owner thread: 0x0000025b5e85a000
[0x0000025b3d7cd360] Heap_lock - owner thread: 0x0000025b6020a800

Heap address: 0x0000000080000000, size: 2048 MB, Compressed Oops mode: 32-bit
Narrow klass base: 0x0000000000000000, Narrow klass shift: 3
Compressed class space size: 528482304 Address: 0x0000000100000000

Heap:
 garbage-first heap   total 327680K, used 169054K [0x0000000080000000, 0x0000000100000000)
  region size 1024K, 2 young (2048K), 2 survivors (2048K)
 Metaspace       used 110422K, capacity 114423K, committed 114512K, reserved 616448K
  class space    used 14443K, capacity 16020K, committed 16076K, reserved 516096K
Heap Regions: E=young(eden), S=young(survivor), O=old, HS=humongous(starts), HC=humongous(continues), CS=collection set, F=free, A=archive, TAMS=top-at-mark-start (previous, next)
|   0|0x0000000080000000, 0x0000000080100000, 0x0000000080100000|100%|HS|  |TAMS 0x0000000080100000, 0x0000000080100000| Complete 
|   1|0x0000000080100000, 0x0000000080200000, 0x0000000080200000|100%|HC|  |TAMS 0x0000000080200000, 0x0000000080200000| Complete 
|   2|0x0000000080200000, 0x0000000080300000, 0x0000000080300000|100%|HC|  |TAMS 0x0000000080300000, 0x0000000080300000| Complete 
|   3|0x0000000080300000, 0x0000000080400000, 0x0000000080400000|100%|HC|  |TAMS 0x0000000080400000, 0x0000000080400000| Complete 
|   4|0x0000000080400000, 0x0000000080500000, 0x0000000080500000|100%| O|  |TAMS 0x0000000080500000, 0x0000000080500000| Untracked 
|   5|0x0000000080500000, 0x0000000080600000, 0x0000000080600000|100%| O|  |TAMS 0x0000000080600000, 0x0000000080600000| Untracked 
|   6|0x0000000080600000, 0x0000000080700000, 0x0000000080700000|100%| O|  |TAMS 0x0000000080700000, 0x0000000080700000| Untracked 
|   7|0x0000000080700000, 0x0000000080800000, 0x0000000080800000|100%| O|  |TAMS 0x0000000080800000, 0x0000000080800000| Untracked 
|   8|0x0000000080800000, 0x0000000080900000, 0x0000000080900000|100%| O|  |TAMS 0x0000000080900000, 0x0000000080900000| Untracked 
|   9|0x0000000080900000, 0x0000000080a00000, 0x0000000080a00000|100%| O|  |TAMS 0x0000000080a00000, 0x0000000080a00000| Untracked 
|  10|0x0000000080a00000, 0x0000000080b00000, 0x0000000080b00000|100%| O|  |TAMS 0x0000000080b00000, 0x0000000080b00000| Untracked 
|  11|0x0000000080b00000, 0x0000000080c00000, 0x0000000080c00000|100%| O|  |TAMS 0x0000000080c00000, 0x0000000080c00000| Untracked 
|  12|0x0000000080c00000, 0x0000000080d00000, 0x0000000080d00000|100%| O|  |TAMS 0x0000000080d00000, 0x0000000080d00000| Untracked 
|  13|0x0000000080d00000, 0x0000000080e00000, 0x0000000080e00000|100%| O|  |TAMS 0x0000000080e00000, 0x0000000080e00000| Untracked 
|  14|0x0000000080e00000, 0x0000000080f00000, 0x0000000080f00000|100%| O|  |TAMS 0x0000000080f00000, 0x0000000080f00000| Untracked 
|  15|0x0000000080f00000, 0x0000000081000000, 0x0000000081000000|100%| O|  |TAMS 0x0000000081000000, 0x0000000081000000| Untracked 
|  16|0x0000000081000000, 0x0000000081100000, 0x0000000081100000|100%| O|  |TAMS 0x0000000081100000, 0x0000000081100000| Untracked 
|  17|0x0000000081100000, 0x0000000081200000, 0x0000000081200000|100%| O|  |TAMS 0x0000000081200000, 0x0000000081200000| Untracked 
|  18|0x0000000081200000, 0x0000000081300000, 0x0000000081300000|100%| O|  |TAMS 0x0000000081300000, 0x0000000081300000| Untracked 
|  19|0x0000000081300000, 0x0000000081400000, 0x0000000081400000|100%| O|  |TAMS 0x0000000081400000, 0x0000000081400000| Untracked 
|  20|0x0000000081400000, 0x0000000081500000, 0x0000000081500000|100%| O|  |TAMS 0x0000000081500000, 0x0000000081500000| Untracked 
|  21|0x0000000081500000, 0x0000000081600000, 0x0000000081600000|100%| O|  |TAMS 0x0000000081600000, 0x0000000081600000| Untracked 
|  22|0x0000000081600000, 0x0000000081700000, 0x0000000081700000|100%| O|  |TAMS 0x0000000081700000, 0x0000000081700000| Untracked 
|  23|0x0000000081700000, 0x0000000081800000, 0x0000000081800000|100%| O|  |TAMS 0x0000000081800000, 0x0000000081800000| Untracked 
|  24|0x0000000081800000, 0x0000000081900000, 0x0000000081900000|100%| O|  |TAMS 0x0000000081900000, 0x0000000081900000| Untracked 
|  25|0x0000000081900000, 0x0000000081a00000, 0x0000000081a00000|100%| O|  |TAMS 0x0000000081a00000, 0x0000000081a00000| Untracked 
|  26|0x0000000081a00000, 0x0000000081b00000, 0x0000000081b00000|100%| O|  |TAMS 0x0000000081b00000, 0x0000000081b00000| Untracked 
|  27|0x0000000081b00000, 0x0000000081c00000, 0x0000000081c00000|100%| O|  |TAMS 0x0000000081c00000, 0x0000000081c00000| Untracked 
|  28|0x0000000081c00000, 0x0000000081d00000, 0x0000000081d00000|100%|HS|  |TAMS 0x0000000081d00000, 0x0000000081d00000| Complete 
|  29|0x0000000081d00000, 0x0000000081e00000, 0x0000000081e00000|100%|HC|  |TAMS 0x0000000081e00000, 0x0000000081e00000| Complete 
|  30|0x0000000081e00000, 0x0000000081f00000, 0x0000000081f00000|100%|HS|  |TAMS 0x0000000081f00000, 0x0000000081f00000| Complete 
|  31|0x0000000081f00000, 0x0000000082000000, 0x0000000082000000|100%|HC|  |TAMS 0x0000000082000000, 0x0000000082000000| Complete 
|  32|0x0000000082000000, 0x0000000082100000, 0x0000000082100000|100%|HC|  |TAMS 0x0000000082100000, 0x0000000082100000| Complete 
|  33|0x0000000082100000, 0x0000000082200000, 0x0000000082200000|100%|HC|  |TAMS 0x0000000082200000, 0x0000000082200000| Complete 
|  34|0x0000000082200000, 0x0000000082300000, 0x0000000082300000|100%| O|  |TAMS 0x0000000082300000, 0x0000000082300000| Untracked 
|  35|0x0000000082300000, 0x0000000082400000, 0x0000000082400000|100%| O|  |TAMS 0x0000000082400000, 0x0000000082400000| Untracked 
|  36|0x0000000082400000, 0x0000000082500000, 0x0000000082500000|100%| O|  |TAMS 0x0000000082500000, 0x0000000082500000| Untracked 
|  37|0x0000000082500000, 0x0000000082600000, 0x0000000082600000|100%| O|  |TAMS 0x0000000082600000, 0x0000000082600000| Untracked 
|  38|0x0000000082600000, 0x0000000082700000, 0x0000000082700000|100%| O|  |TAMS 0x0000000082700000, 0x0000000082700000| Untracked 
|  39|0x0000000082700000, 0x0000000082800000, 0x0000000082800000|100%| O|  |TAMS 0x0000000082800000, 0x0000000082800000| Untracked 
|  40|0x0000000082800000, 0x0000000082900000, 0x0000000082900000|100%| O|  |TAMS 0x0000000082900000, 0x0000000082900000| Untracked 
|  41|0x0000000082900000, 0x0000000082a00000, 0x0000000082a00000|100%| O|  |TAMS 0x0000000082a00000, 0x0000000082a00000| Untracked 
|  42|0x0000000082a00000, 0x0000000082b00000, 0x0000000082b00000|100%| O|  |TAMS 0x0000000082b00000, 0x0000000082b00000| Untracked 
|  43|0x0000000082b00000, 0x0000000082c00000, 0x0000000082c00000|100%| O|  |TAMS 0x0000000082c00000, 0x0000000082c00000| Untracked 
|  44|0x0000000082c00000, 0x0000000082d00000, 0x0000000082d00000|100%| O|  |TAMS 0x0000000082d00000, 0x0000000082d00000| Untracked 
|  45|0x0000000082d00000, 0x0000000082e00000, 0x0000000082e00000|100%| O|  |TAMS 0x0000000082e00000, 0x0000000082e00000| Untracked 
|  46|0x0000000082e00000, 0x0000000082f00000, 0x0000000082f00000|100%| O|  |TAMS 0x0000000082f00000, 0x0000000082f00000| Untracked 
|  47|0x0000000082f00000, 0x0000000083000000, 0x0000000083000000|100%| O|  |TAMS 0x0000000083000000, 0x0000000083000000| Untracked 
|  48|0x0000000083000000, 0x0000000083100000, 0x0000000083100000|100%| O|  |TAMS 0x0000000083100000, 0x0000000083100000| Untracked 
|  49|0x0000000083100000, 0x0000000083200000, 0x0000000083200000|100%|HS|  |TAMS 0x0000000083200000, 0x0000000083200000| Complete 
|  50|0x0000000083200000, 0x0000000083300000, 0x0000000083300000|100%|HS|  |TAMS 0x0000000083300000, 0x0000000083300000| Complete 
|  51|0x0000000083300000, 0x0000000083400000, 0x0000000083400000|100%| O|  |TAMS 0x0000000083400000, 0x0000000083400000| Untracked 
|  52|0x0000000083400000, 0x0000000083500000, 0x0000000083500000|100%| O|  |TAMS 0x0000000083500000, 0x0000000083500000| Untracked 
|  53|0x0000000083500000, 0x0000000083600000, 0x0000000083600000|100%| O|  |TAMS 0x0000000083600000, 0x0000000083600000| Untracked 
|  54|0x0000000083600000, 0x0000000083700000, 0x0000000083700000|100%| O|  |TAMS 0x0000000083700000, 0x0000000083700000| Untracked 
|  55|0x0000000083700000, 0x0000000083800000, 0x0000000083800000|100%| O|  |TAMS 0x0000000083800000, 0x0000000083800000| Untracked 
|  56|0x0000000083800000, 0x0000000083900000, 0x0000000083900000|100%| O|  |TAMS 0x0000000083900000, 0x0000000083900000| Untracked 
|  57|0x0000000083900000, 0x0000000083a00000, 0x0000000083a00000|100%| O|  |TAMS 0x0000000083a00000, 0x0000000083a00000| Untracked 
|  58|0x0000000083a00000, 0x0000000083b00000, 0x0000000083b00000|100%| O|  |TAMS 0x0000000083b00000, 0x0000000083b00000| Untracked 
|  59|0x0000000083b00000, 0x0000000083c00000, 0x0000000083c00000|100%| O|  |TAMS 0x0000000083c00000, 0x0000000083c00000| Untracked 
|  60|0x0000000083c00000, 0x0000000083d00000, 0x0000000083d00000|100%| O|  |TAMS 0x0000000083d00000, 0x0000000083d00000| Untracked 
|  61|0x0000000083d00000, 0x0000000083e00000, 0x0000000083e00000|100%| O|  |TAMS 0x0000000083e00000, 0x0000000083e00000| Untracked 
|  62|0x0000000083e00000, 0x0000000083f00000, 0x0000000083f00000|100%| O|  |TAMS 0x0000000083f00000, 0x0000000083f00000| Untracked 
|  63|0x0000000083f00000, 0x0000000084000000, 0x0000000084000000|100%| O|  |TAMS 0x0000000084000000, 0x0000000084000000| Untracked 
|  64|0x0000000084000000, 0x0000000084100000, 0x0000000084100000|100%| O|  |TAMS 0x0000000084100000, 0x0000000084100000| Untracked 
|  65|0x0000000084100000, 0x0000000084200000, 0x0000000084200000|100%| O|  |TAMS 0x0000000084200000, 0x0000000084200000| Untracked 
|  66|0x0000000084200000, 0x0000000084300000, 0x0000000084300000|100%| O|  |TAMS 0x0000000084300000, 0x0000000084300000| Untracked 
|  67|0x0000000084300000, 0x0000000084400000, 0x0000000084400000|100%| O|  |TAMS 0x0000000084400000, 0x0000000084400000| Untracked 
|  68|0x0000000084400000, 0x0000000084500000, 0x0000000084500000|100%| O|  |TAMS 0x0000000084500000, 0x0000000084500000| Untracked 
|  69|0x0000000084500000, 0x0000000084600000, 0x0000000084600000|100%| O|  |TAMS 0x0000000084600000, 0x0000000084600000| Untracked 
|  70|0x0000000084600000, 0x0000000084700000, 0x0000000084700000|100%| O|  |TAMS 0x0000000084700000, 0x0000000084700000| Untracked 
|  71|0x0000000084700000, 0x0000000084800000, 0x0000000084800000|100%| O|  |TAMS 0x0000000084800000, 0x0000000084800000| Untracked 
|  72|0x0000000084800000, 0x0000000084900000, 0x0000000084900000|100%| O|  |TAMS 0x0000000084900000, 0x0000000084900000| Untracked 
|  73|0x0000000084900000, 0x0000000084a00000, 0x0000000084a00000|100%| O|  |TAMS 0x0000000084a00000, 0x0000000084a00000| Untracked 
|  74|0x0000000084a00000, 0x0000000084b00000, 0x0000000084b00000|100%| O|  |TAMS 0x0000000084b00000, 0x0000000084b00000| Untracked 
|  75|0x0000000084b00000, 0x0000000084c00000, 0x0000000084c00000|100%| O|  |TAMS 0x0000000084c00000, 0x0000000084c00000| Untracked 
|  76|0x0000000084c00000, 0x0000000084d00000, 0x0000000084d00000|100%| O|  |TAMS 0x0000000084d00000, 0x0000000084d00000| Untracked 
|  77|0x0000000084d00000, 0x0000000084e00000, 0x0000000084e00000|100%| O|  |TAMS 0x0000000084e00000, 0x0000000084e00000| Untracked 
|  78|0x0000000084e00000, 0x0000000084f00000, 0x0000000084f00000|100%| O|  |TAMS 0x0000000084f00000, 0x0000000084f00000| Untracked 
|  79|0x0000000084f00000, 0x0000000085000000, 0x0000000085000000|100%| O|  |TAMS 0x0000000085000000, 0x0000000085000000| Untracked 
|  80|0x0000000085000000, 0x0000000085100000, 0x0000000085100000|100%| O|  |TAMS 0x0000000085100000, 0x0000000085100000| Untracked 
|  81|0x0000000085100000, 0x0000000085200000, 0x0000000085200000|100%| O|  |TAMS 0x0000000085200000, 0x0000000085200000| Untracked 
|  82|0x0000000085200000, 0x0000000085300000, 0x0000000085300000|100%| O|  |TAMS 0x0000000085300000, 0x0000000085300000| Untracked 
|  83|0x0000000085300000, 0x0000000085400000, 0x0000000085400000|100%| O|  |TAMS 0x0000000085400000, 0x0000000085400000| Untracked 
|  84|0x0000000085400000, 0x0000000085500000, 0x0000000085500000|100%| O|  |TAMS 0x0000000085500000, 0x0000000085500000| Untracked 
|  85|0x0000000085500000, 0x0000000085600000, 0x0000000085600000|100%| O|  |TAMS 0x0000000085600000, 0x0000000085600000| Untracked 
|  86|0x0000000085600000, 0x0000000085700000, 0x0000000085700000|100%|HS|  |TAMS 0x0000000085700000, 0x0000000085700000| Complete 
|  87|0x0000000085700000, 0x0000000085800000, 0x0000000085800000|100%|HS|  |TAMS 0x0000000085800000, 0x0000000085800000| Complete 
|  88|0x0000000085800000, 0x0000000085900000, 0x0000000085900000|100%|HS|  |TAMS 0x0000000085900000, 0x0000000085900000| Complete 
|  89|0x0000000085900000, 0x0000000085a00000, 0x0000000085a00000|100%|HS|  |TAMS 0x0000000085a00000, 0x0000000085a00000| Complete 
|  90|0x0000000085a00000, 0x0000000085b00000, 0x0000000085b00000|100%|HC|  |TAMS 0x0000000085b00000, 0x0000000085b00000| Complete 
|  91|0x0000000085b00000, 0x0000000085c00000, 0x0000000085c00000|100%|HC|  |TAMS 0x0000000085c00000, 0x0000000085c00000| Complete 
|  92|0x0000000085c00000, 0x0000000085d00000, 0x0000000085d00000|100%| O|  |TAMS 0x0000000085d00000, 0x0000000085d00000| Untracked 
|  93|0x0000000085d00000, 0x0000000085e00000, 0x0000000085e00000|100%| O|  |TAMS 0x0000000085e00000, 0x0000000085e00000| Untracked 
|  94|0x0000000085e00000, 0x0000000085f00000, 0x0000000085f00000|100%| O|  |TAMS 0x0000000085f00000, 0x0000000085f00000| Untracked 
|  95|0x0000000085f00000, 0x0000000086000000, 0x0000000086000000|100%| O|  |TAMS 0x0000000086000000, 0x0000000086000000| Untracked 
|  96|0x0000000086000000, 0x0000000086100000, 0x0000000086100000|100%|HS|  |TAMS 0x0000000086100000, 0x0000000086100000| Complete 
|  97|0x0000000086100000, 0x0000000086200000, 0x0000000086200000|100%|HC|  |TAMS 0x0000000086200000, 0x0000000086200000| Complete 
|  98|0x0000000086200000, 0x0000000086300000, 0x0000000086300000|100%| O|  |TAMS 0x0000000086300000, 0x0000000086300000| Untracked 
|  99|0x0000000086300000, 0x0000000086400000, 0x0000000086400000|100%| O|  |TAMS 0x0000000086400000, 0x0000000086400000| Untracked 
| 100|0x0000000086400000, 0x0000000086500000, 0x0000000086500000|100%| O|  |TAMS 0x0000000086500000, 0x0000000086500000| Untracked 
| 101|0x0000000086500000, 0x0000000086600000, 0x0000000086600000|100%| O|  |TAMS 0x0000000086600000, 0x0000000086600000| Untracked 
| 102|0x0000000086600000, 0x0000000086700000, 0x0000000086700000|100%| O|  |TAMS 0x0000000086700000, 0x0000000086700000| Untracked 
| 103|0x0000000086700000, 0x0000000086800000, 0x0000000086800000|100%| O|  |TAMS 0x0000000086800000, 0x0000000086800000| Untracked 
| 104|0x0000000086800000, 0x0000000086900000, 0x0000000086900000|100%| O|  |TAMS 0x0000000086900000, 0x0000000086900000| Untracked 
| 105|0x0000000086900000, 0x0000000086a00000, 0x0000000086a00000|100%| O|  |TAMS 0x0000000086a00000, 0x0000000086a00000| Untracked 
| 106|0x0000000086a00000, 0x0000000086b00000, 0x0000000086b00000|100%| O|  |TAMS 0x0000000086b00000, 0x0000000086b00000| Untracked 
| 107|0x0000000086b00000, 0x0000000086c00000, 0x0000000086c00000|100%|HS|  |TAMS 0x0000000086c00000, 0x0000000086c00000| Complete 
| 108|0x0000000086c00000, 0x0000000086d00000, 0x0000000086d00000|100%|HS|  |TAMS 0x0000000086d00000, 0x0000000086d00000| Complete 
| 109|0x0000000086d00000, 0x0000000086e00000, 0x0000000086e00000|100%| O|  |TAMS 0x0000000086e00000, 0x0000000086e00000| Untracked 
| 110|0x0000000086e00000, 0x0000000086f00000, 0x0000000086f00000|100%| O|  |TAMS 0x0000000086f00000, 0x0000000086f00000| Untracked 
| 111|0x0000000086f00000, 0x0000000087000000, 0x0000000087000000|100%| O|  |TAMS 0x0000000087000000, 0x0000000087000000| Untracked 
| 112|0x0000000087000000, 0x0000000087100000, 0x0000000087100000|100%| O|  |TAMS 0x0000000087100000, 0x0000000087100000| Untracked 
| 113|0x0000000087100000, 0x0000000087200000, 0x0000000087200000|100%| O|  |TAMS 0x0000000087200000, 0x0000000087200000| Untracked 
| 114|0x0000000087200000, 0x0000000087300000, 0x0000000087300000|100%| O|  |TAMS 0x0000000087300000, 0x0000000087300000| Untracked 
| 115|0x0000000087300000, 0x0000000087400000, 0x0000000087400000|100%| O|  |TAMS 0x0000000087400000, 0x0000000087400000| Untracked 
| 116|0x0000000087400000, 0x0000000087500000, 0x0000000087500000|100%| O|  |TAMS 0x0000000087500000, 0x0000000087500000| Untracked 
| 117|0x0000000087500000, 0x0000000087600000, 0x0000000087600000|100%| O|  |TAMS 0x0000000087600000, 0x0000000087600000| Untracked 
| 118|0x0000000087600000, 0x0000000087700000, 0x0000000087700000|100%| O|  |TAMS 0x0000000087700000, 0x0000000087700000| Untracked 
| 119|0x0000000087700000, 0x0000000087800000, 0x0000000087800000|100%| O|  |TAMS 0x0000000087800000, 0x0000000087800000| Untracked 
| 120|0x0000000087800000, 0x0000000087900000, 0x0000000087900000|100%| O|  |TAMS 0x0000000087900000, 0x0000000087900000| Untracked 
| 121|0x0000000087900000, 0x0000000087a00000, 0x0000000087a00000|100%| O|  |TAMS 0x0000000087a00000, 0x0000000087a00000| Untracked 
| 122|0x0000000087a00000, 0x0000000087b00000, 0x0000000087b00000|100%| O|  |TAMS 0x0000000087b00000, 0x0000000087b00000| Untracked 
| 123|0x0000000087b00000, 0x0000000087c00000, 0x0000000087c00000|100%| O|  |TAMS 0x0000000087c00000, 0x0000000087c00000| Untracked 
| 124|0x0000000087c00000, 0x0000000087d00000, 0x0000000087d00000|100%| O|  |TAMS 0x0000000087d00000, 0x0000000087d00000| Untracked 
| 125|0x0000000087d00000, 0x0000000087e00000, 0x0000000087e00000|100%| O|  |TAMS 0x0000000087e00000, 0x0000000087e00000| Untracked 
| 126|0x0000000087e00000, 0x0000000087f00000, 0x0000000087f00000|100%| O|  |TAMS 0x0000000087f00000, 0x0000000087f00000| Untracked 
| 127|0x0000000087f00000, 0x0000000088000000, 0x0000000088000000|100%| O|  |TAMS 0x0000000088000000, 0x0000000088000000| Untracked 
| 128|0x0000000088000000, 0x0000000088100000, 0x0000000088100000|100%| O|  |TAMS 0x0000000088100000, 0x0000000088100000| Untracked 
| 129|0x0000000088100000, 0x0000000088200000, 0x0000000088200000|100%| O|  |TAMS 0x0000000088200000, 0x0000000088200000| Untracked 
| 130|0x0000000088200000, 0x0000000088300000, 0x0000000088300000|100%| O|  |TAMS 0x0000000088300000, 0x0000000088300000| Untracked 
| 131|0x0000000088300000, 0x0000000088400000, 0x0000000088400000|100%| O|  |TAMS 0x0000000088400000, 0x0000000088400000| Untracked 
| 132|0x0000000088400000, 0x0000000088500000, 0x0000000088500000|100%| O|  |TAMS 0x0000000088500000, 0x0000000088500000| Untracked 
| 133|0x0000000088500000, 0x0000000088600000, 0x0000000088600000|100%| O|  |TAMS 0x0000000088600000, 0x0000000088600000| Untracked 
| 134|0x0000000088600000, 0x0000000088700000, 0x0000000088700000|100%| O|  |TAMS 0x0000000088700000, 0x0000000088700000| Untracked 
| 135|0x0000000088700000, 0x0000000088800000, 0x0000000088800000|100%| O|  |TAMS 0x0000000088800000, 0x0000000088800000| Untracked 
| 136|0x0000000088800000, 0x0000000088900000, 0x0000000088900000|100%| O|  |TAMS 0x0000000088900000, 0x0000000088900000| Untracked 
| 137|0x0000000088900000, 0x0000000088a00000, 0x0000000088a00000|100%| O|  |TAMS 0x0000000088a00000, 0x0000000088a00000| Untracked 
| 138|0x0000000088a00000, 0x0000000088b00000, 0x0000000088b00000|100%| O|  |TAMS 0x0000000088b00000, 0x0000000088b00000| Untracked 
| 139|0x0000000088b00000, 0x0000000088c00000, 0x0000000088c00000|100%|HS|  |TAMS 0x0000000088c00000, 0x0000000088c00000| Complete 
| 140|0x0000000088c00000, 0x0000000088d00000, 0x0000000088d00000|100%|HS|  |TAMS 0x0000000088d00000, 0x0000000088d00000| Complete 
| 141|0x0000000088d00000, 0x0000000088e00000, 0x0000000088e00000|100%|HC|  |TAMS 0x0000000088e00000, 0x0000000088e00000| Complete 
| 142|0x0000000088e00000, 0x0000000088f00000, 0x0000000088f00000|100%|HC|  |TAMS 0x0000000088f00000, 0x0000000088f00000| Complete 
| 143|0x0000000088f00000, 0x0000000089000000, 0x0000000089000000|100%| O|  |TAMS 0x0000000089000000, 0x0000000089000000| Untracked 
| 144|0x0000000089000000, 0x0000000089100000, 0x0000000089100000|100%| O|  |TAMS 0x0000000089100000, 0x0000000089100000| Untracked 
| 145|0x0000000089100000, 0x0000000089200000, 0x0000000089200000|100%| O|  |TAMS 0x0000000089200000, 0x0000000089200000| Untracked 
| 146|0x0000000089200000, 0x0000000089300000, 0x0000000089300000|100%|HS|  |TAMS 0x0000000089300000, 0x0000000089300000| Complete 
| 147|0x0000000089300000, 0x0000000089400000, 0x0000000089400000|100%|HC|  |TAMS 0x0000000089400000, 0x0000000089400000| Complete 
| 148|0x0000000089400000, 0x0000000089500000, 0x0000000089500000|100%|HS|  |TAMS 0x0000000089500000, 0x0000000089500000| Complete 
| 149|0x0000000089500000, 0x0000000089600000, 0x0000000089600000|100%| O|  |TAMS 0x0000000089600000, 0x0000000089600000| Untracked 
| 150|0x0000000089600000, 0x0000000089700000, 0x0000000089700000|100%| O|  |TAMS 0x0000000089700000, 0x0000000089700000| Untracked 
| 151|0x0000000089700000, 0x0000000089800000, 0x0000000089800000|100%|HS|  |TAMS 0x0000000089800000, 0x0000000089800000| Complete 
| 152|0x0000000089800000, 0x0000000089900000, 0x0000000089900000|100%|HC|  |TAMS 0x0000000089900000, 0x0000000089900000| Complete 
| 153|0x0000000089900000, 0x0000000089a00000, 0x0000000089a00000|100%|HC|  |TAMS 0x0000000089a00000, 0x0000000089a00000| Complete 
| 154|0x0000000089a00000, 0x0000000089b00000, 0x0000000089b00000|100%|HC|  |TAMS 0x0000000089b00000, 0x0000000089b00000| Complete 
| 155|0x0000000089b00000, 0x0000000089c00000, 0x0000000089c00000|100%| O|  |TAMS 0x0000000089c00000, 0x0000000089c00000| Untracked 
| 156|0x0000000089c00000, 0x0000000089d00000, 0x0000000089d00000|100%| O|  |TAMS 0x0000000089d00000, 0x0000000089d00000| Untracked 
| 157|0x0000000089d00000, 0x0000000089e00000, 0x0000000089e00000|100%| O|  |TAMS 0x0000000089e00000, 0x0000000089e00000| Untracked 
| 158|0x0000000089e00000, 0x0000000089f00000, 0x0000000089f00000|100%| O|  |TAMS 0x0000000089f00000, 0x0000000089f00000| Untracked 
| 159|0x0000000089f00000, 0x000000008a000000, 0x000000008a000000|100%| O|  |TAMS 0x000000008a000000, 0x000000008a000000| Untracked 
| 160|0x000000008a000000, 0x000000008a100000, 0x000000008a100000|100%| O|  |TAMS 0x000000008a100000, 0x000000008a100000| Untracked 
| 161|0x000000008a100000, 0x000000008a200000, 0x000000008a200000|100%| O|  |TAMS 0x000000008a200000, 0x000000008a200000| Untracked 
| 162|0x000000008a200000, 0x000000008a300000, 0x000000008a300000|100%| O|  |TAMS 0x000000008a300000, 0x000000008a300000| Untracked 
| 163|0x000000008a300000, 0x000000008a3d9400, 0x000000008a400000| 84%| O|  |TAMS 0x000000008a3d9400, 0x000000008a3d9400| Untracked 
| 164|0x000000008a400000, 0x000000008a400000, 0x000000008a500000|  0%| F|  |TAMS 0x000000008a400000, 0x000000008a400000| Untracked 
| 165|0x000000008a500000, 0x000000008a500000, 0x000000008a600000|  0%| F|  |TAMS 0x000000008a500000, 0x000000008a500000| Untracked 
| 166|0x000000008a600000, 0x000000008a600000, 0x000000008a700000|  0%| F|  |TAMS 0x000000008a600000, 0x000000008a600000| Untracked 
| 167|0x000000008a700000, 0x000000008a700000, 0x000000008a800000|  0%| F|  |TAMS 0x000000008a700000, 0x000000008a700000| Untracked 
| 168|0x000000008a800000, 0x000000008a800000, 0x000000008a900000|  0%| F|  |TAMS 0x000000008a800000, 0x000000008a800000| Untracked 
| 169|0x000000008a900000, 0x000000008a900000, 0x000000008aa00000|  0%| F|  |TAMS 0x000000008a900000, 0x000000008a900000| Untracked 
| 170|0x000000008aa00000, 0x000000008aa00000, 0x000000008ab00000|  0%| F|  |TAMS 0x000000008aa00000, 0x000000008aa00000| Untracked 
| 171|0x000000008ab00000, 0x000000008ab00000, 0x000000008ac00000|  0%| F|  |TAMS 0x000000008ab00000, 0x000000008ab00000| Untracked 
| 172|0x000000008ac00000, 0x000000008ac00000, 0x000000008ad00000|  0%| F|  |TAMS 0x000000008ac00000, 0x000000008ac00000| Untracked 
| 173|0x000000008ad00000, 0x000000008ad00000, 0x000000008ae00000|  0%| F|  |TAMS 0x000000008ad00000, 0x000000008ad00000| Untracked 
| 174|0x000000008ae00000, 0x000000008ae00000, 0x000000008af00000|  0%| F|  |TAMS 0x000000008ae00000, 0x000000008ae00000| Untracked 
| 175|0x000000008af00000, 0x000000008af00000, 0x000000008b000000|  0%| F|  |TAMS 0x000000008af00000, 0x000000008af00000| Untracked 
| 176|0x000000008b000000, 0x000000008b000000, 0x000000008b100000|  0%| F|  |TAMS 0x000000008b000000, 0x000000008b000000| Untracked 
| 177|0x000000008b100000, 0x000000008b100000, 0x000000008b200000|  0%| F|  |TAMS 0x000000008b100000, 0x000000008b100000| Untracked 
| 178|0x000000008b200000, 0x000000008b200000, 0x000000008b300000|  0%| F|  |TAMS 0x000000008b200000, 0x000000008b200000| Untracked 
| 179|0x000000008b300000, 0x000000008b300000, 0x000000008b400000|  0%| F|  |TAMS 0x000000008b300000, 0x000000008b300000| Untracked 
| 180|0x000000008b400000, 0x000000008b400000, 0x000000008b500000|  0%| F|  |TAMS 0x000000008b400000, 0x000000008b400000| Untracked 
| 181|0x000000008b500000, 0x000000008b500000, 0x000000008b600000|  0%| F|  |TAMS 0x000000008b500000, 0x000000008b500000| Untracked 
| 182|0x000000008b600000, 0x000000008b600000, 0x000000008b700000|  0%| F|  |TAMS 0x000000008b600000, 0x000000008b600000| Untracked 
| 183|0x000000008b700000, 0x000000008b700000, 0x000000008b800000|  0%| F|  |TAMS 0x000000008b700000, 0x000000008b700000| Untracked 
| 184|0x000000008b800000, 0x000000008b800000, 0x000000008b900000|  0%| F|  |TAMS 0x000000008b800000, 0x000000008b800000| Untracked 
| 185|0x000000008b900000, 0x000000008b900000, 0x000000008ba00000|  0%| F|  |TAMS 0x000000008b900000, 0x000000008b900000| Untracked 
| 186|0x000000008ba00000, 0x000000008ba00000, 0x000000008bb00000|  0%| F|  |TAMS 0x000000008ba00000, 0x000000008ba00000| Untracked 
| 187|0x000000008bb00000, 0x000000008bb00000, 0x000000008bc00000|  0%| F|  |TAMS 0x000000008bb00000, 0x000000008bb00000| Untracked 
| 188|0x000000008bc00000, 0x000000008bc00000, 0x000000008bd00000|  0%| F|  |TAMS 0x000000008bc00000, 0x000000008bc00000| Untracked 
| 189|0x000000008bd00000, 0x000000008bd00000, 0x000000008be00000|  0%| F|  |TAMS 0x000000008bd00000, 0x000000008bd00000| Untracked 
| 190|0x000000008be00000, 0x000000008be00000, 0x000000008bf00000|  0%| F|  |TAMS 0x000000008be00000, 0x000000008be00000| Untracked 
| 191|0x000000008bf00000, 0x000000008bf00000, 0x000000008c000000|  0%| F|  |TAMS 0x000000008bf00000, 0x000000008bf00000| Untracked 
| 192|0x000000008c000000, 0x000000008c000000, 0x000000008c100000|  0%| F|  |TAMS 0x000000008c000000, 0x000000008c000000| Untracked 
| 193|0x000000008c100000, 0x000000008c100000, 0x000000008c200000|  0%| F|  |TAMS 0x000000008c100000, 0x000000008c100000| Untracked 
| 194|0x000000008c200000, 0x000000008c200000, 0x000000008c300000|  0%| F|  |TAMS 0x000000008c200000, 0x000000008c200000| Untracked 
| 195|0x000000008c300000, 0x000000008c300000, 0x000000008c400000|  0%| F|  |TAMS 0x000000008c300000, 0x000000008c300000| Untracked 
| 196|0x000000008c400000, 0x000000008c400000, 0x000000008c500000|  0%| F|  |TAMS 0x000000008c400000, 0x000000008c400000| Untracked 
| 197|0x000000008c500000, 0x000000008c500000, 0x000000008c600000|  0%| F|  |TAMS 0x000000008c500000, 0x000000008c500000| Untracked 
| 198|0x000000008c600000, 0x000000008c600000, 0x000000008c700000|  0%| F|  |TAMS 0x000000008c600000, 0x000000008c600000| Untracked 
| 199|0x000000008c700000, 0x000000008c700000, 0x000000008c800000|  0%| F|  |TAMS 0x000000008c700000, 0x000000008c700000| Untracked 
| 200|0x000000008c800000, 0x000000008c800000, 0x000000008c900000|  0%| F|  |TAMS 0x000000008c800000, 0x000000008c800000| Untracked 
| 201|0x000000008c900000, 0x000000008c900000, 0x000000008ca00000|  0%| F|  |TAMS 0x000000008c900000, 0x000000008c900000| Untracked 
| 202|0x000000008ca00000, 0x000000008ca00000, 0x000000008cb00000|  0%| F|  |TAMS 0x000000008ca00000, 0x000000008ca00000| Untracked 
| 203|0x000000008cb00000, 0x000000008cb00000, 0x000000008cc00000|  0%| F|  |TAMS 0x000000008cb00000, 0x000000008cb00000| Untracked 
| 204|0x000000008cc00000, 0x000000008cc00000, 0x000000008cd00000|  0%| F|  |TAMS 0x000000008cc00000, 0x000000008cc00000| Untracked 
| 205|0x000000008cd00000, 0x000000008cd00000, 0x000000008ce00000|  0%| F|  |TAMS 0x000000008cd00000, 0x000000008cd00000| Untracked 
| 206|0x000000008ce00000, 0x000000008ce00000, 0x000000008cf00000|  0%| F|  |TAMS 0x000000008ce00000, 0x000000008ce00000| Untracked 
| 207|0x000000008cf00000, 0x000000008cf00000, 0x000000008d000000|  0%| F|  |TAMS 0x000000008cf00000, 0x000000008cf00000| Untracked 
| 208|0x000000008d000000, 0x000000008d000000, 0x000000008d100000|  0%| F|  |TAMS 0x000000008d000000, 0x000000008d000000| Untracked 
| 209|0x000000008d100000, 0x000000008d100000, 0x000000008d200000|  0%| F|  |TAMS 0x000000008d100000, 0x000000008d100000| Untracked 
| 210|0x000000008d200000, 0x000000008d200000, 0x000000008d300000|  0%| F|  |TAMS 0x000000008d200000, 0x000000008d200000| Untracked 
| 211|0x000000008d300000, 0x000000008d300000, 0x000000008d400000|  0%| F|  |TAMS 0x000000008d300000, 0x000000008d300000| Untracked 
| 212|0x000000008d400000, 0x000000008d400000, 0x000000008d500000|  0%| F|  |TAMS 0x000000008d400000, 0x000000008d400000| Untracked 
| 213|0x000000008d500000, 0x000000008d500000, 0x000000008d600000|  0%| F|  |TAMS 0x000000008d500000, 0x000000008d500000| Untracked 
| 214|0x000000008d600000, 0x000000008d600000, 0x000000008d700000|  0%| F|  |TAMS 0x000000008d600000, 0x000000008d600000| Untracked 
| 215|0x000000008d700000, 0x000000008d700000, 0x000000008d800000|  0%| F|  |TAMS 0x000000008d700000, 0x000000008d700000| Untracked 
| 216|0x000000008d800000, 0x000000008d800000, 0x000000008d900000|  0%| F|  |TAMS 0x000000008d800000, 0x000000008d800000| Untracked 
| 217|0x000000008d900000, 0x000000008d900000, 0x000000008da00000|  0%| F|  |TAMS 0x000000008d900000, 0x000000008d900000| Untracked 
| 218|0x000000008da00000, 0x000000008da00000, 0x000000008db00000|  0%| F|  |TAMS 0x000000008da00000, 0x000000008da00000| Untracked 
| 219|0x000000008db00000, 0x000000008db00000, 0x000000008dc00000|  0%| F|  |TAMS 0x000000008db00000, 0x000000008db00000| Untracked 
| 220|0x000000008dc00000, 0x000000008dc00000, 0x000000008dd00000|  0%| F|  |TAMS 0x000000008dc00000, 0x000000008dc00000| Untracked 
| 221|0x000000008dd00000, 0x000000008dd00000, 0x000000008de00000|  0%| F|  |TAMS 0x000000008dd00000, 0x000000008dd00000| Untracked 
| 222|0x000000008de00000, 0x000000008de00000, 0x000000008df00000|  0%| F|  |TAMS 0x000000008de00000, 0x000000008de00000| Untracked 
| 223|0x000000008df00000, 0x000000008df00000, 0x000000008e000000|  0%| F|  |TAMS 0x000000008df00000, 0x000000008df00000| Untracked 
| 224|0x000000008e000000, 0x000000008e000000, 0x000000008e100000|  0%| F|  |TAMS 0x000000008e000000, 0x000000008e000000| Untracked 
| 225|0x000000008e100000, 0x000000008e100000, 0x000000008e200000|  0%| F|  |TAMS 0x000000008e100000, 0x000000008e100000| Untracked 
| 226|0x000000008e200000, 0x000000008e200000, 0x000000008e300000|  0%| F|  |TAMS 0x000000008e200000, 0x000000008e200000| Untracked 
| 227|0x000000008e300000, 0x000000008e300000, 0x000000008e400000|  0%| F|  |TAMS 0x000000008e300000, 0x000000008e300000| Untracked 
| 228|0x000000008e400000, 0x000000008e400000, 0x000000008e500000|  0%| F|  |TAMS 0x000000008e400000, 0x000000008e400000| Untracked 
| 229|0x000000008e500000, 0x000000008e500000, 0x000000008e600000|  0%| F|  |TAMS 0x000000008e500000, 0x000000008e500000| Untracked 
| 230|0x000000008e600000, 0x000000008e600000, 0x000000008e700000|  0%| F|  |TAMS 0x000000008e600000, 0x000000008e600000| Untracked 
| 231|0x000000008e700000, 0x000000008e700000, 0x000000008e800000|  0%| F|  |TAMS 0x000000008e700000, 0x000000008e700000| Untracked 
| 232|0x000000008e800000, 0x000000008e800000, 0x000000008e900000|  0%| F|  |TAMS 0x000000008e800000, 0x000000008e800000| Untracked 
| 233|0x000000008e900000, 0x000000008e900000, 0x000000008ea00000|  0%| F|  |TAMS 0x000000008e900000, 0x000000008e900000| Untracked 
| 234|0x000000008ea00000, 0x000000008ea00000, 0x000000008eb00000|  0%| F|  |TAMS 0x000000008ea00000, 0x000000008ea00000| Untracked 
| 235|0x000000008eb00000, 0x000000008eb00000, 0x000000008ec00000|  0%| F|  |TAMS 0x000000008eb00000, 0x000000008eb00000| Untracked 
| 236|0x000000008ec00000, 0x000000008ec00000, 0x000000008ed00000|  0%| F|  |TAMS 0x000000008ec00000, 0x000000008ec00000| Untracked 
| 237|0x000000008ed00000, 0x000000008ed00000, 0x000000008ee00000|  0%| F|  |TAMS 0x000000008ed00000, 0x000000008ed00000| Untracked 
| 238|0x000000008ee00000, 0x000000008ee00000, 0x000000008ef00000|  0%| F|  |TAMS 0x000000008ee00000, 0x000000008ee00000| Untracked 
| 239|0x000000008ef00000, 0x000000008ef00000, 0x000000008f000000|  0%| F|  |TAMS 0x000000008ef00000, 0x000000008ef00000| Untracked 
| 240|0x000000008f000000, 0x000000008f000000, 0x000000008f100000|  0%| F|  |TAMS 0x000000008f000000, 0x000000008f000000| Untracked 
| 241|0x000000008f100000, 0x000000008f100000, 0x000000008f200000|  0%| F|  |TAMS 0x000000008f100000, 0x000000008f100000| Untracked 
| 242|0x000000008f200000, 0x000000008f200000, 0x000000008f300000|  0%| F|  |TAMS 0x000000008f200000, 0x000000008f200000| Untracked 
| 243|0x000000008f300000, 0x000000008f300000, 0x000000008f400000|  0%| F|  |TAMS 0x000000008f300000, 0x000000008f300000| Untracked 
| 244|0x000000008f400000, 0x000000008f400000, 0x000000008f500000|  0%| F|  |TAMS 0x000000008f400000, 0x000000008f400000| Untracked 
| 245|0x000000008f500000, 0x000000008f500000, 0x000000008f600000|  0%| F|  |TAMS 0x000000008f500000, 0x000000008f500000| Untracked 
| 246|0x000000008f600000, 0x000000008f63e760, 0x000000008f700000| 24%| S|CS|TAMS 0x000000008f600000, 0x000000008f600000| Complete 
| 247|0x000000008f700000, 0x000000008f800000, 0x000000008f800000|100%| S|CS|TAMS 0x000000008f700000, 0x000000008f700000| Complete 
| 248|0x000000008f800000, 0x000000008f800000, 0x000000008f900000|  0%| F|  |TAMS 0x000000008f800000, 0x000000008f800000| Untracked 
| 249|0x000000008f900000, 0x000000008f900000, 0x000000008fa00000|  0%| F|  |TAMS 0x000000008f900000, 0x000000008f900000| Untracked 
| 250|0x000000008fa00000, 0x000000008fa00000, 0x000000008fb00000|  0%| F|  |TAMS 0x000000008fa00000, 0x000000008fa00000| Untracked 
| 251|0x000000008fb00000, 0x000000008fb00000, 0x000000008fc00000|  0%| F|  |TAMS 0x000000008fb00000, 0x000000008fb00000| Untracked 
| 252|0x000000008fc00000, 0x000000008fc00000, 0x000000008fd00000|  0%| F|  |TAMS 0x000000008fc00000, 0x000000008fc00000| Untracked 
| 253|0x000000008fd00000, 0x000000008fd00000, 0x000000008fe00000|  0%| F|  |TAMS 0x000000008fd00000, 0x000000008fd00000| Untracked 
| 254|0x000000008fe00000, 0x000000008fe00000, 0x000000008ff00000|  0%| F|  |TAMS 0x000000008fe00000, 0x000000008fe00000| Untracked 
| 255|0x000000008ff00000, 0x000000008ff00000, 0x0000000090000000|  0%| F|  |TAMS 0x000000008ff00000, 0x000000008ff00000| Untracked 
| 256|0x0000000090000000, 0x0000000090000000, 0x0000000090100000|  0%| F|  |TAMS 0x0000000090000000, 0x0000000090000000| Untracked 
| 257|0x0000000090100000, 0x0000000090100000, 0x0000000090200000|  0%| F|  |TAMS 0x0000000090100000, 0x0000000090100000| Untracked 

Card table byte_map: [0x0000025b57590000,0x0000025b57990000] _byte_map_base: 0x0000025b57190000

Marking Bits (Prev, Next): (CMBitMap*) 0x0000025b3d814840, (CMBitMap*) 0x0000025b3d814808
 Prev Bits: [0x0000025b59d90000, 0x0000025b5bd90000)
 Next Bits: [0x0000025b57d90000, 0x0000025b59d90000)

Polling page: 0x0000025b3d8b0000

Metaspace:

Usage:
  Non-class:     96.10 MB capacity,    93.73 MB ( 98%) used,     2.01 MB (  2%) free+waste,   365.25 KB ( <1%) overhead. 
      Class:     15.64 MB capacity,    14.10 MB ( 90%) used,     1.37 MB (  9%) free+waste,   169.38 KB (  1%) overhead. 
       Both:    111.74 MB capacity,   107.83 MB ( 97%) used,     3.38 MB (  3%) free+waste,   534.63 KB ( <1%) overhead. 

Virtual space:
  Non-class space:       98.00 MB reserved,      96.13 MB ( 98%) committed 
      Class space:      504.00 MB reserved,      15.70 MB (  3%) committed 
             Both:      602.00 MB reserved,     111.83 MB ( 19%) committed 

Chunk freelists:
   Non-Class:  33.00 KB
       Class:  12.00 KB
        Both:  45.00 KB

MaxMetaspaceSize: 512.00 MB
CompressedClassSpaceSize: 504.00 MB
Initial GC threshold: 20.80 MB
Current GC threshold: 186.38 MB
CDS: off

CodeHeap 'non-profiled nmethods': size=120000Kb used=9653Kb max_used=9653Kb free=110346Kb
 bounds [0x0000025b4f200000, 0x0000025b4fb70000, 0x0000025b56730000]
CodeHeap 'profiled nmethods': size=120000Kb used=30810Kb max_used=30810Kb free=89189Kb
 bounds [0x0000025b47cd0000, 0x0000025b49af0000, 0x0000025b4f200000]
CodeHeap 'non-nmethods': size=5760Kb used=2434Kb max_used=2487Kb free=3326Kb
 bounds [0x0000025b47730000, 0x0000025b479b0000, 0x0000025b47cd0000]
 total_blobs=14371 nmethods=13409 adapters=874
 compilation: enabled
              stopped_count=0, restarted_count=0
 full_count=0

Compilation events (20 events):
Event: 750.590 Thread 0x0000025b5e886000 13652       3       com.sun.jmx.interceptor.DefaultMBeanServerInterceptor::checkMBeanPermission (21 bytes)
Event: 750.601 Thread 0x0000025b5e886000 nmethod 13652 0x0000025b49ae1910 code [0x0000025b49ae1b20, 0x0000025b49ae1f88]
Event: 750.601 Thread 0x0000025b5e886000 13651   !   3       com.sun.jmx.mbeanserver.Repository::retrieve (97 bytes)
Event: 750.692 Thread 0x0000025b5e886000 nmethod 13651 0x0000025b49ae2190 code [0x0000025b49ae24e0, 0x0000025b49ae3798]
Event: 755.167 Thread 0x0000025b5e885000 13654       4       org.gradle.internal.serialize.InputStreamBackedDecoder::readByte (13 bytes)
Event: 755.196 Thread 0x0000025b5e885000 nmethod 13654 0x0000025b4fb6cc90 code [0x0000025b4fb6ce20, 0x0000025b4fb6ced8]
Event: 759.617 Thread 0x0000025b5e886000 13655       1       org.gradle.internal.jvm.Jvm::isIbmJvm (2 bytes)
Event: 759.908 Thread 0x0000025b5e886000 nmethod 13655 0x0000025b4fb6d010 code [0x0000025b4fb6d1c0, 0x0000025b4fb6d278]
Event: 759.981 Thread 0x0000025b5e886000 13658       3       com.sun.jmx.mbeanserver.MBeanSupport::getAttribute (17 bytes)
Event: 760.182 Thread 0x0000025b5e886000 nmethod 13658 0x0000025b49ae3f90 code [0x0000025b49ae4160, 0x0000025b49ae4378]
Event: 760.182 Thread 0x0000025b5e886000 13659       3       com.sun.jmx.mbeanserver.PerInterface::getAttribute (75 bytes)
Event: 760.254 Thread 0x0000025b5e886000 nmethod 13659 0x0000025b49ae4490 code [0x0000025b49ae46c0, 0x0000025b49ae4bd8]
Event: 760.705 Thread 0x0000025b5e886000 13661       3       org.gradle.api.internal.artifacts.ivyservice.resolveengine.graph.builder.NodeState::intersectEdgeExclusions (40 bytes)
Event: 760.761 Thread 0x0000025b5e886000 nmethod 13661 0x0000025b49ae4e10 code [0x0000025b49ae5000, 0x0000025b49ae53f8]
Event: 765.171 Thread 0x0000025b5e886000 13662       3       java.io.FileInputStream::available (5 bytes)
Event: 765.172 Thread 0x0000025b5e886000 nmethod 13662 0x0000025b49ae5590 code [0x0000025b49ae5740, 0x0000025b49ae5868]
Event: 769.579 Thread 0x0000025b5e886000 13663       1       org.gradle.process.internal.health.memory.DefaultMemoryManager::access$200 (5 bytes)
Event: 769.763 Thread 0x0000025b5e886000 nmethod 13663 0x0000025b4fb6d310 code [0x0000025b4fb6d4c0, 0x0000025b4fb6d558]
Event: 789.615 Thread 0x0000025b5e886000 13672   !   3       jdk.internal.reflect.GeneratedMethodAccessor20::invoke (65 bytes)
Event: 790.279 Thread 0x0000025b5e886000 nmethod 13672 0x0000025b49ae5910 code [0x0000025b49ae5ba0, 0x0000025b49ae65c8]

GC Heap History (20 events):
Event: 413.953 GC heap after
{Heap after GC invocations=114 (full 0):
 garbage-first heap   total 220160K, used 152257K [0x0000000080000000, 0x0000000100000000)
  region size 1024K, 3 young (3072K), 3 survivors (3072K)
 Metaspace       used 107310K, capacity 110969K, committed 111184K, reserved 612352K
  class space    used 14046K, capacity 15552K, committed 15564K, reserved 516096K
}
Event: 466.218 GC heap before
{Heap before GC invocations=114 (full 0):
 garbage-first heap   total 220160K, used 169665K [0x0000000080000000, 0x0000000100000000)
  region size 1024K, 22 young (22528K), 3 survivors (3072K)
 Metaspace       used 107373K, capacity 111039K, committed 111184K, reserved 612352K
  class space    used 14053K, capacity 15564K, committed 15564K, reserved 516096K
}
Event: 466.576 GC heap after
{Heap after GC invocations=115 (full 0):
 garbage-first heap   total 220160K, used 153137K [0x0000000080000000, 0x0000000100000000)
  region size 1024K, 4 young (4096K), 4 survivors (4096K)
 Metaspace       used 107373K, capacity 111039K, committed 111184K, reserved 612352K
  class space    used 14053K, capacity 15564K, committed 15564K, reserved 516096K
}
Event: 474.568 GC heap before
{Heap before GC invocations=116 (full 0):
 garbage-first heap   total 220160K, used 158257K [0x0000000080000000, 0x0000000100000000)
  region size 1024K, 7 young (7168K), 4 survivors (4096K)
 Metaspace       used 107375K, capacity 111039K, committed 111184K, reserved 612352K
  class space    used 14053K, capacity 15564K, committed 15564K, reserved 516096K
}
Event: 474.607 GC heap after
{Heap after GC invocations=117 (full 0):
 garbage-first heap   total 220160K, used 158118K [0x0000000080000000, 0x0000000100000000)
  region size 1024K, 4 young (4096K), 4 survivors (4096K)
 Metaspace       used 107375K, capacity 111039K, committed 111184K, reserved 612352K
  class space    used 14053K, capacity 15564K, committed 15564K, reserved 516096K
}
Event: 493.848 GC heap before
{Heap before GC invocations=118 (full 0):
 garbage-first heap   total 220160K, used 184742K [0x0000000080000000, 0x0000000100000000)
  region size 1024K, 27 young (27648K), 4 survivors (4096K)
 Metaspace       used 108660K, capacity 112416K, committed 112720K, reserved 614400K
  class space    used 14228K, capacity 15766K, committed 15820K, reserved 516096K
}
Event: 494.498 GC heap after
{Heap after GC invocations=119 (full 0):
 garbage-first heap   total 220160K, used 164519K [0x0000000080000000, 0x0000000100000000)
  region size 1024K, 4 young (4096K), 4 survivors (4096K)
 Metaspace       used 108660K, capacity 112416K, committed 112720K, reserved 614400K
  class space    used 14228K, capacity 15766K, committed 15820K, reserved 516096K
}
Event: 496.874 GC heap before
{Heap before GC invocations=119 (full 0):
 garbage-first heap   total 220160K, used 170663K [0x0000000080000000, 0x0000000100000000)
  region size 1024K, 10 young (10240K), 4 survivors (4096K)
 Metaspace       used 109070K, capacity 112850K, committed 112976K, reserved 614400K
  class space    used 14265K, capacity 15801K, committed 15820K, reserved 516096K
}
Event: 497.071 GC heap after
{Heap after GC invocations=120 (full 0):
 garbage-first heap   total 264192K, used 165357K [0x0000000080000000, 0x0000000100000000)
  region size 1024K, 1 young (1024K), 1 survivors (1024K)
 Metaspace       used 109070K, capacity 112850K, committed 112976K, reserved 614400K
  class space    used 14265K, capacity 15801K, committed 15820K, reserved 516096K
}
Event: 544.040 GC heap before
{Heap before GC invocations=121 (full 0):
 garbage-first heap   total 264192K, used 197101K [0x0000000080000000, 0x0000000100000000)
  region size 1024K, 32 young (32768K), 1 survivors (1024K)
 Metaspace       used 110365K, capacity 114358K, committed 114512K, reserved 616448K
  class space    used 14443K, capacity 16020K, committed 16076K, reserved 516096K
}
Event: 544.560 GC heap after
{Heap after GC invocations=122 (full 0):
 garbage-first heap   total 264192K, used 167977K [0x0000000080000000, 0x0000000100000000)
  region size 1024K, 4 young (4096K), 4 survivors (4096K)
 Metaspace       used 110365K, capacity 114358K, committed 114512K, reserved 616448K
  class space    used 14443K, capacity 16020K, committed 16076K, reserved 516096K
}
Event: 575.003 GC heap before
{Heap before GC invocations=122 (full 0):
 garbage-first heap   total 264192K, used 176169K [0x0000000080000000, 0x0000000100000000)
  region size 1024K, 12 young (12288K), 4 survivors (4096K)
 Metaspace       used 110375K, capacity 114358K, committed 114512K, reserved 616448K
  class space    used 14443K, capacity 16020K, committed 16076K, reserved 516096K
}
Event: 576.804 GC heap after
{Heap after GC invocations=123 (full 0):
 garbage-first heap   total 264192K, used 168292K [0x0000000080000000, 0x0000000100000000)
  region size 1024K, 1 young (1024K), 1 survivors (1024K)
 Metaspace       used 110375K, capacity 114358K, committed 114512K, reserved 616448K
  class space    used 14443K, capacity 16020K, committed 16076K, reserved 516096K
}
Event: 625.238 GC heap before
{Heap before GC invocations=124 (full 0):
 garbage-first heap   total 264192K, used 178532K [0x0000000080000000, 0x0000000100000000)
  region size 1024K, 12 young (12288K), 1 survivors (1024K)
 Metaspace       used 110382K, capacity 114422K, committed 114512K, reserved 616448K
  class space    used 14443K, capacity 16020K, committed 16076K, reserved 516096K
}
Event: 625.701 GC heap after
{Heap after GC invocations=125 (full 0):
 garbage-first heap   total 264192K, used 168351K [0x0000000080000000, 0x0000000100000000)
  region size 1024K, 1 young (1024K), 1 survivors (1024K)
 Metaspace       used 110382K, capacity 114422K, committed 114512K, reserved 616448K
  class space    used 14443K, capacity 16020K, committed 16076K, reserved 516096K
}
Event: 687.442 GC heap before
{Heap before GC invocations=125 (full 0):
 garbage-first heap   total 264192K, used 178591K [0x0000000080000000, 0x0000000100000000)
  region size 1024K, 12 young (12288K), 1 survivors (1024K)
 Metaspace       used 110408K, capacity 114422K, committed 114512K, reserved 616448K
  class space    used 14443K, capacity 16020K, committed 16076K, reserved 516096K
}
Event: 688.515 GC heap after
{Heap after GC invocations=126 (full 0):
 garbage-first heap   total 264192K, used 168596K [0x0000000080000000, 0x0000000100000000)
  region size 1024K, 1 young (1024K), 1 survivors (1024K)
 Metaspace       used 110408K, capacity 114422K, committed 114512K, reserved 616448K
  class space    used 14443K, capacity 16020K, committed 16076K, reserved 516096K
}
Event: 749.566 GC heap before
{Heap before GC invocations=127 (full 0):
 garbage-first heap   total 264192K, used 179860K [0x0000000080000000, 0x0000000100000000)
  region size 1024K, 12 young (12288K), 1 survivors (1024K)
 Metaspace       used 110413K, capacity 114422K, committed 114512K, reserved 616448K
  class space    used 14443K, capacity 16020K, committed 16076K, reserved 516096K
}
Event: 750.445 GC heap after
{Heap after GC invocations=128 (full 0):
 garbage-first heap   total 264192K, used 168888K [0x0000000080000000, 0x0000000100000000)
  region size 1024K, 2 young (2048K), 2 survivors (2048K)
 Metaspace       used 110413K, capacity 114422K, committed 114512K, reserved 616448K
  class space    used 14443K, capacity 16020K, committed 16076K, reserved 516096K
}
Event: 802.659 GC heap before
{Heap before GC invocations=128 (full 0):
 garbage-first heap   total 264192K, used 178104K [0x0000000080000000, 0x0000000100000000)
  region size 1024K, 12 young (12288K), 2 survivors (2048K)
 Metaspace       used 110422K, capacity 114423K, committed 114512K, reserved 616448K
  class space    used 14443K, capacity 16020K, committed 16076K, reserved 516096K
}

Deoptimization events (20 events):
Event: 341.209 Thread 0x0000025b6020a800 DEOPT PACKING pc=0x0000025b4f813e54 sp=0x000000b7cc6f8340
Event: 341.209 Thread 0x0000025b6020a800 DEOPT UNPACKING pc=0x0000025b477385af sp=0x000000b7cc6f81f0 mode 2
Event: 341.209 Thread 0x0000025b6020a800 Uncommon trap: trap_request=0xffffffde fr.pc=0x0000025b4f813e54 relative=0x0000000000000094
Event: 341.209 Thread 0x0000025b6020a800 Uncommon trap: reason=class_check action=maybe_recompile pc=0x0000025b4f813e54 method=org.gradle.internal.component.model.AttributeConfigurationSelector.isShadowedCapabilityOnly(Lorg/gradle/api/capabilities/CapabilitiesMetadata;)Z @ 1 c2
Event: 341.209 Thread 0x0000025b6020a800 DEOPT PACKING pc=0x0000025b4f813e54 sp=0x000000b7cc6f8340
Event: 341.209 Thread 0x0000025b6020a800 DEOPT UNPACKING pc=0x0000025b477385af sp=0x000000b7cc6f81f0 mode 2
Event: 341.209 Thread 0x0000025b6020a800 Uncommon trap: trap_request=0xffffffde fr.pc=0x0000025b4f813e54 relative=0x0000000000000094
Event: 341.209 Thread 0x0000025b6020a800 Uncommon trap: reason=class_check action=maybe_recompile pc=0x0000025b4f813e54 method=org.gradle.internal.component.model.AttributeConfigurationSelector.isShadowedCapabilityOnly(Lorg/gradle/api/capabilities/CapabilitiesMetadata;)Z @ 1 c2
Event: 341.209 Thread 0x0000025b6020a800 DEOPT PACKING pc=0x0000025b4f813e54 sp=0x000000b7cc6f8340
Event: 341.210 Thread 0x0000025b6020a800 DEOPT UNPACKING pc=0x0000025b477385af sp=0x000000b7cc6f81f0 mode 2
Event: 341.210 Thread 0x0000025b6020a800 Uncommon trap: trap_request=0xffffffde fr.pc=0x0000025b4f813e54 relative=0x0000000000000094
Event: 341.210 Thread 0x0000025b6020a800 Uncommon trap: reason=class_check action=maybe_recompile pc=0x0000025b4f813e54 method=org.gradle.internal.component.model.AttributeConfigurationSelector.isShadowedCapabilityOnly(Lorg/gradle/api/capabilities/CapabilitiesMetadata;)Z @ 1 c2
Event: 341.210 Thread 0x0000025b6020a800 DEOPT PACKING pc=0x0000025b4f813e54 sp=0x000000b7cc6f8340
Event: 341.210 Thread 0x0000025b6020a800 DEOPT UNPACKING pc=0x0000025b477385af sp=0x000000b7cc6f81f0 mode 2
Event: 403.603 Thread 0x0000025b61ea2000 DEOPT PACKING pc=0x0000025b486772e6 sp=0x000000b7d0dfdab0
Event: 403.615 Thread 0x0000025b61ea2000 DEOPT UNPACKING pc=0x0000025b47779d0e sp=0x000000b7d0dfd0a8 mode 0
Event: 477.538 Thread 0x0000025b6020a800 Uncommon trap: trap_request=0xffffff4d fr.pc=0x0000025b4f26a86c relative=0x000000000000230c
Event: 477.538 Thread 0x0000025b6020a800 Uncommon trap: reason=unstable_if action=reinterpret pc=0x0000025b4f26a86c method=java.util.jar.JarFile.match([B[B[B[B)I @ 52 c2
Event: 477.538 Thread 0x0000025b6020a800 DEOPT PACKING pc=0x0000025b4f26a86c sp=0x000000b7cc6f3c00
Event: 477.560 Thread 0x0000025b6020a800 DEOPT UNPACKING pc=0x0000025b477385af sp=0x000000b7cc6f3b58 mode 2

Classes redefined (0 events):
No events

Internal exceptions (20 events):
Event: 499.489 Thread 0x0000025b6020a800 Exception <a 'java/lang/ClassNotFoundException'{0x000000008fc3b5e0}: org/jetbrains/kotlin/gradle/targets/js/npm/NpmDependencyExtensionKt$defaultNpmDependencyDelegate$1Customizer> (0x000000008fc3b5e0) thrown at [s\src\hotspot\share\classfile\systemDictionary.cpp, line 230]
Event: 499.538 Thread 0x0000025b6020a800 Exception <a 'java/lang/ClassNotFoundException'{0x000000008fca4260}: org/jetbrains/kotlin/gradle/targets/js/npm/DefaultDevNpmDependencyExtensionBeanInfo> (0x000000008fca4260) thrown at [s\src\hotspot\share\classfile\systemDictionary.cpp, line 230]
Event: 499.544 Thread 0x0000025b6020a800 Exception <a 'java/lang/ClassNotFoundException'{0x000000008fcd10d0}: org/jetbrains/kotlin/gradle/targets/js/npm/DefaultDevNpmDependencyExtensionCustomizer> (0x000000008fcd10d0) thrown at [s\src\hotspot\share\classfile\systemDictionary.cpp, line 230]
Event: 499.613 Thread 0x0000025b6020a800 Exception <a 'java/lang/ClassNotFoundException'{0x000000008fb3fce8}: org/jetbrains/kotlin/gradle/targets/js/npm/DefaultPeerNpmDependencyExtensionBeanInfo> (0x000000008fb3fce8) thrown at [s\src\hotspot\share\classfile\systemDictionary.cpp, line 230]
Event: 499.614 Thread 0x0000025b6020a800 Exception <a 'java/lang/ClassNotFoundException'{0x000000008fb6cf20}: org/jetbrains/kotlin/gradle/targets/js/npm/DefaultPeerNpmDependencyExtensionCustomizer> (0x000000008fb6cf20) thrown at [s\src\hotspot\share\classfile\systemDictionary.cpp, line 230]
Event: 499.856 Thread 0x0000025b6020a800 Exception <a 'java/lang/ClassNotFoundException'{0x000000008fbf2418}: org/jetbrains/kotlin/gradle/targets/js/npm/DefaultPeerNpmDependencyExtension$delegate$1BeanInfo> (0x000000008fbf2418) thrown at [s\src\hotspot\share\classfile\systemDictionary.cpp, line 230]
Event: 499.880 Thread 0x0000025b6020a800 Exception <a 'java/lang/ClassNotFoundException'{0x000000008fa23e70}: org/jetbrains/kotlin/gradle/targets/js/npm/DefaultPeerNpmDependencyExtension$delegate$1Customizer> (0x000000008fa23e70) thrown at [s\src\hotspot\share\classfile\systemDictionary.cpp, line 230]
Event: 502.240 Thread 0x0000025b6020a800 Exception <a 'java/lang/ClassNotFoundException'{0x000000008fafc598}: build_bq0fmvlzwa6lcxqxlqbxeagx4$_run_closure1BeanInfo> (0x000000008fafc598) thrown at [s\src\hotspot\share\classfile\systemDictionary.cpp, line 230]
Event: 502.246 Thread 0x0000025b6020a800 Exception <a 'java/lang/ClassNotFoundException'{0x000000008f918c30}: build_bq0fmvlzwa6lcxqxlqbxeagx4$_run_closure1Customizer> (0x000000008f918c30) thrown at [s\src\hotspot\share\classfile\systemDictionary.cpp, line 230]
Event: 511.603 Thread 0x0000025b6020a800 Exception <a 'java/lang/ClassNotFoundException'{0x000000008f8abda0}: org/jetbrains/kotlin/gradle/plugin/sources/DefaultKotlinSourceSet_DecoratedBeanInfo> (0x000000008f8abda0) thrown at [s\src\hotspot\share\classfile\systemDictionary.cpp, line 230]
Event: 511.827 Thread 0x0000025b6020a800 Exception <a 'java/lang/ClassNotFoundException'{0x000000008f8d7b58}: org/jetbrains/kotlin/gradle/plugin/sources/DefaultKotlinSourceSetBeanInfo> (0x000000008f8d7b58) thrown at [s\src\hotspot\share\classfile\systemDictionary.cpp, line 230]
Event: 512.051 Thread 0x0000025b6020a800 Exception <a 'java/lang/ClassNotFoundException'{0x000000008f70e3f8}: org/jetbrains/kotlin/gradle/plugin/sources/AbstractKotlinSourceSetBeanInfo> (0x000000008f70e3f8) thrown at [s\src\hotspot\share\classfile\systemDictionary.cpp, line 230]
Event: 512.093 Thread 0x0000025b6020a800 Exception <a 'java/lang/ClassNotFoundException'{0x000000008f73f970}: org/jetbrains/kotlin/gradle/plugin/sources/AbstractKotlinSourceSetCustomizer> (0x000000008f73f970) thrown at [s\src\hotspot\share\classfile\systemDictionary.cpp, line 230]
Event: 512.237 Thread 0x0000025b6020a800 Exception <a 'java/lang/ClassNotFoundException'{0x000000008f77b4c0}: org/jetbrains/kotlin/gradle/plugin/sources/DefaultKotlinSourceSetCustomizer> (0x000000008f77b4c0) thrown at [s\src\hotspot\share\classfile\systemDictionary.cpp, line 230]
Event: 512.572 Thread 0x0000025b6020a800 Exception <a 'java/lang/ClassNotFoundException'{0x000000008f7f6e80}: org/jetbrains/kotlin/gradle/plugin/sources/DefaultKotlinSourceSet_DecoratedCustomizer> (0x000000008f7f6e80) thrown at [s\src\hotspot\share\classfile\systemDictionary.cpp, line 230]
Event: 515.833 Thread 0x0000025b6020a800 Exception <a 'java/lang/ClassNotFoundException'{0x000000008f66d8d0}: build_bq0fmvlzwa6lcxqxlqbxeagx4$_run_closure1$_closure8BeanInfo> (0x000000008f66d8d0) thrown at [s\src\hotspot\share\classfile\systemDictionary.cpp, line 230]
Event: 516.732 Thread 0x0000025b6020a800 Exception <a 'java/lang/ClassNotFoundException'{0x000000008f6af088}: build_bq0fmvlzwa6lcxqxlqbxeagx4$_run_closure1$_closure8Customizer> (0x000000008f6af088) thrown at [s\src\hotspot\share\classfile\systemDictionary.cpp, line 230]
Event: 534.102 Thread 0x0000025b6020a800 Exception <a 'java/lang/NoClassDefFoundError'{0x000000008e97b8e8}: org/jetbrains/kotlin/gradle/plugin/KotlinBasePluginWrapper> (0x000000008e97b8e8) thrown at [s\src\hotspot\share\oops\constantPool.cpp, line 775]
Event: 541.270 Thread 0x0000025b6020a800 Exception <a 'java/lang/ClassNotFoundException'{0x000000008e4d0038}: build_4joaom1e13b30vlkhdrpym17rBeanInfo> (0x000000008e4d0038) thrown at [s\src\hotspot\share\classfile\systemDictionary.cpp, line 230]
Event: 541.282 Thread 0x0000025b6020a800 Exception <a 'java/lang/ClassNotFoundException'{0x000000008e4db778}: build_4joaom1e13b30vlkhdrpym17rCustomizer> (0x000000008e4db778) thrown at [s\src\hotspot\share\classfile\systemDictionary.cpp, line 230]

Events (20 events):
Event: 541.749 loading class groovy/runtime/metaclass/build_4joaom1e13b30vlkhdrpym17r$_run_closure1$_closure4MetaClass done
Event: 543.983 Executing VM operation: G1CollectForAllocation
Event: 544.560 Executing VM operation: G1CollectForAllocation done
Event: 574.976 Executing VM operation: G1CollectForAllocation
Event: 576.804 Executing VM operation: G1CollectForAllocation done
Event: 581.228 Executing VM operation: CGC_Operation
Event: 582.982 Executing VM operation: CGC_Operation done
Event: 585.926 Executing VM operation: CGC_Operation
Event: 585.928 Executing VM operation: CGC_Operation done
Event: 625.232 Executing VM operation: G1CollectForAllocation
Event: 625.701 Executing VM operation: G1CollectForAllocation done
Event: 687.379 Executing VM operation: G1CollectForAllocation
Event: 688.521 Executing VM operation: G1CollectForAllocation done
Event: 695.766 Executing VM operation: CGC_Operation
Event: 698.792 Executing VM operation: CGC_Operation done
Event: 701.249 Executing VM operation: CGC_Operation
Event: 701.250 Executing VM operation: CGC_Operation done
Event: 749.541 Executing VM operation: G1CollectForAllocation
Event: 750.445 Executing VM operation: G1CollectForAllocation done
Event: 802.656 Executing VM operation: G1CollectForAllocation


Dynamic libraries:
0x00007ff62b010000 - 0x00007ff62b01d000 	C:\Program Files\Microsoft\jdk-11.0.20.8-hotspot\bin\java.exe
0x00007ffe2b030000 - 0x00007ffe2b227000 	C:\Windows\SYSTEM32\ntdll.dll
0x00007ffe29a30000 - 0x00007ffe29aed000 	C:\Windows\System32\KERNEL32.DLL
0x00007ffe28970000 - 0x00007ffe28c66000 	C:\Windows\System32\KERNELBASE.dll
0x00007ffe28d10000 - 0x00007ffe28e10000 	C:\Windows\System32\ucrtbase.dll
0x00007ffe1e050000 - 0x00007ffe1e065000 	C:\Program Files\Microsoft\jdk-11.0.20.8-hotspot\bin\VCRUNTIME140.dll
0x00007ffe1efe0000 - 0x00007ffe1eff7000 	C:\Program Files\Microsoft\jdk-11.0.20.8-hotspot\bin\jli.dll
0x00007ffe29750000 - 0x00007ffe298ee000 	C:\Windows\System32\USER32.dll
0x00007ffe287c0000 - 0x00007ffe287e2000 	C:\Windows\System32\win32u.dll
0x00007ffe2a7c0000 - 0x00007ffe2a7ec000 	C:\Windows\System32\GDI32.dll
0x00007ffe28f70000 - 0x00007ffe2908a000 	C:\Windows\System32\gdi32full.dll
0x00007ffe0f830000 - 0x00007ffe0faca000 	C:\Windows\WinSxS\amd64_microsoft.windows.common-controls_6595b64144ccf1df_6.0.19041.3570_none_60bb2a3971f3e41a\COMCTL32.dll
0x00007ffe28c70000 - 0x00007ffe28d0d000 	C:\Windows\System32\msvcp_win.dll
0x00007ffe29640000 - 0x00007ffe296de000 	C:\Windows\System32\msvcrt.dll
0x00007ffe2a310000 - 0x00007ffe2a340000 	C:\Windows\System32\IMM32.DLL
0x00007ffdefb50000 - 0x00007ffdefbeb000 	C:\Program Files\Microsoft\jdk-11.0.20.8-hotspot\bin\msvcp140.dll
0x00007ffdaff80000 - 0x00007ffdb0b16000 	C:\Program Files\Microsoft\jdk-11.0.20.8-hotspot\bin\server\jvm.dll
0x00007ffe290f0000 - 0x00007ffe2919e000 	C:\Windows\System32\ADVAPI32.dll
0x00007ffe29af0000 - 0x00007ffe29b8c000 	C:\Windows\System32\sechost.dll
0x00007ffe29360000 - 0x00007ffe29486000 	C:\Windows\System32\RPCRT4.dll
0x00007ffe296e0000 - 0x00007ffe296e8000 	C:\Windows\System32\PSAPI.DLL
0x00007ffe1e020000 - 0x00007ffe1e029000 	C:\Windows\SYSTEM32\WSOCK32.dll
0x00007ffe298f0000 - 0x00007ffe2995b000 	C:\Windows\System32\WS2_32.dll
0x00007ffe02a80000 - 0x00007ffe02aa7000 	C:\Windows\SYSTEM32\WINMM.dll
0x00007ffe1e2d0000 - 0x00007ffe1e2da000 	C:\Windows\SYSTEM32\VERSION.dll
0x00007ffe26f40000 - 0x00007ffe26f52000 	C:\Windows\SYSTEM32\kernel.appcore.dll
0x00007ffe1e010000 - 0x00007ffe1e020000 	C:\Program Files\Microsoft\jdk-11.0.20.8-hotspot\bin\verify.dll
0x00007ffe26350000 - 0x00007ffe26534000 	C:\Windows\SYSTEM32\DBGHELP.DLL
0x00007ffe0dc60000 - 0x00007ffe0dc94000 	C:\Windows\SYSTEM32\dbgcore.DLL
0x00007ffe287f0000 - 0x00007ffe28872000 	C:\Windows\System32\bcryptPrimitives.dll
0x00007ffe0bd30000 - 0x00007ffe0bd58000 	C:\Program Files\Microsoft\jdk-11.0.20.8-hotspot\bin\java.dll
0x00007ffe1de50000 - 0x00007ffe1de5a000 	C:\Program Files\Microsoft\jdk-11.0.20.8-hotspot\bin\jimage.dll
0x00007ffe1a130000 - 0x00007ffe1a148000 	C:\Program Files\Microsoft\jdk-11.0.20.8-hotspot\bin\zip.dll
0x00007ffe2a8a0000 - 0x00007ffe2afe4000 	C:\Windows\System32\SHELL32.dll
0x00007ffe26790000 - 0x00007ffe26f2b000 	C:\Windows\SYSTEM32\windows.storage.dll
0x00007ffe29d20000 - 0x00007ffe2a074000 	C:\Windows\System32\combase.dll
0x00007ffe280e0000 - 0x00007ffe2810d000 	C:\Windows\SYSTEM32\Wldp.dll
0x00007ffe2a7f0000 - 0x00007ffe2a89d000 	C:\Windows\System32\SHCORE.dll
0x00007ffe296f0000 - 0x00007ffe29745000 	C:\Windows\System32\shlwapi.dll
0x00007ffe28640000 - 0x00007ffe28665000 	C:\Windows\SYSTEM32\profapi.dll
0x00007ffe0ec00000 - 0x00007ffe0ec19000 	C:\Program Files\Microsoft\jdk-11.0.20.8-hotspot\bin\net.dll
0x00007ffe15b50000 - 0x00007ffe15c5a000 	C:\Windows\SYSTEM32\WINHTTP.dll
0x00007ffe27de0000 - 0x00007ffe27e4a000 	C:\Windows\system32\mswsock.dll
0x00007ffe0e080000 - 0x00007ffe0e093000 	C:\Program Files\Microsoft\jdk-11.0.20.8-hotspot\bin\nio.dll
0x00007ffdff3f0000 - 0x00007ffdff417000 	C:\Users\Rosana\.gradle\native\68d5fa5c4cc2d200863cafc0d521ce42e7d3e7ee720ec0a83991735586a16f82\windows-amd64\native-platform.dll
0x00007ffde2260000 - 0x00007ffde23a4000 	C:\Users\Rosana\.gradle\native\e376f236ea51e6404a007f0833ffe2c6e607c4080706a723a18a27aeea778392\windows-amd64\native-platform-file-events.dll
0x00007ffe1bfa0000 - 0x00007ffe1bfa9000 	C:\Program Files\Microsoft\jdk-11.0.20.8-hotspot\bin\management.dll
0x00007ffe10d20000 - 0x00007ffe10d2b000 	C:\Program Files\Microsoft\jdk-11.0.20.8-hotspot\bin\management_ext.dll
0x00007ffe27fe0000 - 0x00007ffe27ff8000 	C:\Windows\SYSTEM32\CRYPTSP.dll
0x00007ffe276f0000 - 0x00007ffe27724000 	C:\Windows\system32\rsaenh.dll
0x00007ffe28880000 - 0x00007ffe288a7000 	C:\Windows\System32\bcrypt.dll
0x00007ffe28600000 - 0x00007ffe2862e000 	C:\Windows\SYSTEM32\USERENV.dll
0x00007ffe27fd0000 - 0x00007ffe27fdc000 	C:\Windows\SYSTEM32\CRYPTBASE.dll
0x00007ffe27ad0000 - 0x00007ffe27b0b000 	C:\Windows\SYSTEM32\IPHLPAPI.DLL
0x00007ffe29bf0000 - 0x00007ffe29bf8000 	C:\Windows\System32\NSI.dll
0x00007ffe18fc0000 - 0x00007ffe18fd7000 	C:\Windows\SYSTEM32\dhcpcsvc6.DLL
0x00007ffe1a290000 - 0x00007ffe1a2ad000 	C:\Windows\SYSTEM32\dhcpcsvc.DLL
0x00007ffe27b10000 - 0x00007ffe27bda000 	C:\Windows\SYSTEM32\DNSAPI.dll

dbghelp: loaded successfully - version: 4.0.5 - missing functions: none
symbol engine: initialized successfully - sym options: 0x614 - pdb path: .;C:\Program Files\Microsoft\jdk-11.0.20.8-hotspot\bin;C:\Windows\SYSTEM32;C:\Windows\WinSxS\amd64_microsoft.windows.common-controls_6595b64144ccf1df_6.0.19041.3570_none_60bb2a3971f3e41a;C:\Program Files\Microsoft\jdk-11.0.20.8-hotspot\bin\server;C:\Users\Rosana\.gradle\native\68d5fa5c4cc2d200863cafc0d521ce42e7d3e7ee720ec0a83991735586a16f82\windows-amd64;C:\Users\Rosana\.gradle\native\e376f236ea51e6404a007f0833ffe2c6e607c4080706a723a18a27aeea778392\windows-amd64

VM Arguments:
jvm_args: -XX:MaxMetaspaceSize=512m --add-opens=java.base/java.util=ALL-UNNAMED --add-opens=java.base/java.lang=ALL-UNNAMED --add-opens=java.base/java.lang.invoke=ALL-UNNAMED --add-opens=java.prefs/java.util.prefs=ALL-UNNAMED --add-opens=java.base/java.nio.charset=ALL-UNNAMED --add-opens=java.base/java.net=ALL-UNNAMED --add-opens=java.base/java.util.concurrent.atomic=ALL-UNNAMED -Xmx2048m -Dfile.encoding=windows-1252 -Duser.country=AR -Duser.language=es -Duser.variant 
java_command: org.gradle.launcher.daemon.bootstrap.GradleDaemon 8.0.1
java_class_path (initial): C:\Users\Rosana\.gradle\wrapper\dists\gradle-8.0.1-all\aro4hu1c3oeioove7l0i4i14o\gradle-8.0.1\lib\gradle-launcher-8.0.1.jar
Launcher Type: SUN_STANDARD

[Global flags]
     intx CICompilerCount                          = 4                                         {product} {ergonomic}
   size_t CompressedClassSpaceSize                 = 528482304                                 {product} {ergonomic}
     uint ConcGCThreads                            = 2                                         {product} {ergonomic}
     uint G1ConcRefinementThreads                  = 8                                         {product} {ergonomic}
   size_t G1HeapRegionSize                         = 1048576                                   {product} {ergonomic}
    uintx GCDrainStackTargetSize                   = 64                                        {product} {ergonomic}
   size_t InitialHeapSize                          = 130023424                                 {product} {ergonomic}
   size_t MarkStackSize                            = 4194304                                   {product} {ergonomic}
   size_t MaxHeapSize                              = 2147483648                                {product} {command line}
   size_t MaxMetaspaceSize                         = 536870912                                 {product} {command line}
   size_t MaxNewSize                               = 1287651328                                {product} {ergonomic}
   size_t MinHeapDeltaBytes                        = 1048576                                   {product} {ergonomic}
    uintx NonNMethodCodeHeapSize                   = 5836300                                {pd product} {ergonomic}
    uintx NonProfiledCodeHeapSize                  = 122910970                              {pd product} {ergonomic}
    uintx ProfiledCodeHeapSize                     = 122910970                              {pd product} {ergonomic}
    uintx ReservedCodeCacheSize                    = 251658240                              {pd product} {ergonomic}
     bool SegmentedCodeCache                       = true                                      {product} {ergonomic}
     bool UseCompressedClassPointers               = true                                 {lp64_product} {ergonomic}
     bool UseCompressedOops                        = true                                 {lp64_product} {ergonomic}
     bool UseG1GC                                  = true                                      {product} {ergonomic}
     bool UseLargePagesIndividualAllocation        = false                                  {pd product} {ergonomic}

Logging:
Log output configuration:
 #0: stdout all=warning uptime,level,tags
 #1: stderr all=off uptime,level,tags

Environment Variables:
JAVA_HOME=C:\Program Files\Microsoft\jdk-11.0.20.8-hotspot\
CLASSPATH=C:\Users\Rosana\PilarTecnoApp\android\\gradle\wrapper\gradle-wrapper.jar
PATH=C:\Users\Rosana\PilarTecnoApp\node_modules\.bin;C:\Users\Rosana\PilarTecnoApp\node_modules\.bin;C:\Users\Rosana\node_modules\.bin;C:\Users\node_modules\.bin;C:\node_modules\.bin;C:\Program Files\nodejs\node_modules\npm\node_modules\@npmcli\run-script\lib\node-gyp-bin;C:\Users\Rosana\PilarTecnoApp\node_modules\.bin;C:\Users\Rosana\PilarTecnoApp\node_modules\.bin;C:\Users\Rosana\node_modules\.bin;C:\Users\node_modules\.bin;C:\node_modules\.bin;C:\Program Files\nodejs\node_modules\npm\node_modules\@npmcli\run-script\lib\node-gyp-bin;C:\Program Files\Microsoft\jdk-11.0.20.8-hotspot\bin;C:\Program Files (x86)\Common Files\Oracle\Java\javapath;C:\Program Files (x86)\NVIDIA Corporation\PhysX\Common;C:\Windows\system32;C:\Windows;C:\Windows\System32\Wbem;C:\Windows\System32\WindowsPowerShell\v1.0\;C:\Windows\System32\OpenSSH\;C:\wamp64\bin\php\php7.3.21;C:\composer;C:\Program Files\Git\cmd;C:\Program Files\nodejs\;C:\ProgramData\chocolatey\bin;C:\Users\Rosana\AppData\Local\Microsoft\WindowsApps;C:\Users\Rosana\AppData\Roaming\Composer\vendor\bin;C:\Users\Rosana\AppData\Local\Programs\Microsoft VS Code\bin;C:\wamp64\bin\php\php7.3.21;C:\Users\Rosana\AppData\Local\nvs\default;C:\Users\Rosana\AppData\Local\nvs\;C:\Users\Rosana\AppData\Roaming\npm;C:\Users\Rosana\AppData\Local\Android\Sdk\platform-tools;
USERNAME=Rosana
LANG=es_ES.UTF-8
OS=Windows_NT
PROCESSOR_IDENTIFIER=Intel64 Family 6 Model 126 Stepping 5, GenuineIntel
TMP=C:\Users\Rosana\AppData\Local\Temp
TEMP=C:\Users\Rosana\AppData\Local\Temp



---------------  S Y S T E M  ---------------

OS: Windows 10 , 64 bit Build 19041 (10.0.19041.3570)
OS uptime: 2 days 5:55 hours

CPU:total 8 (initial active 8) (4 cores per cpu, 2 threads per core) family 6 model 126 stepping 5 microcode 0xa0, cmov, cx8, fxsr, mmx, sse, sse2, sse3, ssse3, sse4.1, sse4.2, popcnt, avx, avx2, aes, clmul, erms, 3dnowpref, lzcnt, ht, tsc, tscinvbit, bmi1, bmi2, adx, evex, sha, fma

Memory: 4k page, system-wide physical 7932M (4M free)
TotalPageFile size 32508M (AvailPageFile size 11M)
current process WorkingSet (physical memory assigned to process): 31M, peak: 389M
current process commit charge ("private bytes"): 604M, peak: 666M

vm_info: OpenJDK 64-Bit Server VM (11.0.20+8-LTS) for windows-amd64 JRE (11.0.20+8-LTS), built on Jul  7 2023 17:05:21 by "MicrosoftCorporation" with MS VC++ 15.9 (VS2017)

END.
